#
# A fatal error has been detected by the Java Runtime Environment:
#
#  SIGSEGV (0xb) at pc=0x00007f79c515f5e8, pid=431, tid=509
#
# JRE version: OpenJDK Runtime Environment (17.0.5+8) (build 17.0.5+8-Ubuntu-2ubuntu120.04)
# Java VM: OpenJDK 64-Bit Server VM (17.0.5+8-Ubuntu-2ubuntu120.04, mixed mode, sharing, tiered, compressed oops, compressed class ptrs, g1 gc, linux-amd64)
# Problematic frame:
# j  java.io.FileOutputStream.write([BII)V+11 java.base@17.0.5
#
# No core dump will be written. Core dumps have been disabled. To enable core dumping, try "ulimit -c unlimited" before starting Java again
#
# If you would like to submit a bug report, please visit:
#   Unknown
#

---------------  S U M M A R Y ------------

Command Line: /home/nathanshih04/.local/share/jupyter/kernels/java/ijava-1.3.0.jar /home/nathanshih04/.local/share/jupyter/runtime/kernel-v2-243yHx95hD0MuZ5.json

Host: 11th Gen Intel(R) Core(TM) i7-1165G7 @ 2.80GHz, 8 cores, 7G, Ubuntu 20.04.4 LTS
Time: Thu Apr  6 09:49:08 2023 PDT elapsed time: 14.289414 seconds (0d 0h 0m 14s)

---------------  T H R E A D  ---------------

Current thread (0x00007f79dc4cc8d0):  JavaThread "Shell-1" [_thread_in_Java, id=509, stack(0x00007f798ad41000,0x00007f798ae42000)]

Stack: [0x00007f798ad41000,0x00007f798ae42000],  sp=0x00007f798ae403e0,  free space=1020k
Native frames: (J=compiled Java code, j=interpreted, Vv=VM code, C=native code)
j  java.io.FileOutputStream.write([BII)V+11 java.base@17.0.5
j  java.io.BufferedOutputStream.flushBuffer()V+20 java.base@17.0.5
j  java.io.BufferedOutputStream.flush()V+1 java.base@17.0.5
j  java.io.PrintStream.write([BII)V+30 java.base@17.0.5
j  sun.nio.cs.StreamEncoder.writeBytes()V+127 java.base@17.0.5
j  sun.nio.cs.StreamEncoder.implFlushBuffer()V+11 java.base@17.0.5
j  sun.nio.cs.StreamEncoder.flushBuffer()V+15 java.base@17.0.5
j  java.io.OutputStreamWriter.flushBuffer()V+4 java.base@17.0.5
j  java.io.PrintStream.write(Ljava/lang/String;)V+27 java.base@17.0.5
j  java.io.PrintStream.print(Ljava/lang/String;)V+5 java.base@17.0.5
j  java.lang.ThreadGroup.uncaughtException(Ljava/lang/Thread;Ljava/lang/Throwable;)V+75 java.base@17.0.5
j  java.lang.ThreadGroup.uncaughtException(Ljava/lang/Thread;Ljava/lang/Throwable;)V+13 java.base@17.0.5
j  java.lang.Thread.dispatchUncaughtException(Ljava/lang/Throwable;)V+6 java.base@17.0.5
v  ~StubRoutines::call_stub
V  [libjvm.so+0x83c905]
V  [libjvm.so+0x83e1eb]
V  [libjvm.so+0xedcd95]
V  [libjvm.so+0xedd3aa]
V  [libjvm.so+0xedc8ae]
V  [libjvm.so+0xc32f09]


siginfo: si_signo: 11 (SIGSEGV), si_code: 1 (SEGV_MAPERR), si_addr: 0x0000000f0825e7d0

Register to memory mapping:

RAX=0x00000008001e3998 is a pointer to class: 
jdk.internal.access.JavaIOFileDescriptorAccess {0x00000008001e3998}
 - instance size:     2
 - klass size:        64
 - access:            public interface abstract 
 - state:             linked
 - name:              'jdk/internal/access/JavaIOFileDescriptorAccess'
 - super:             'java/lang/Object'
 - sub:               
 - nof implementors:  1
 - implementor:    
   'java/io/FileDescriptor$1'
 - arrays:            NULL
 - methods:           Array<T>(0x000000080080edc8)
 - method ordering:   Array<T>(0x000000080080f010)
 - default_methods:   Array<T>(0x0000000000000000)
 - local interfaces:  Array<T>(0x00000008005de880)
 - trans. interfaces: Array<T>(0x00000008005de880)
 - constants:         constant pool [29] {0x000000080080ec98} for 'jdk/internal/access/JavaIOFileDescriptorAccess' cache=0x00000008001e3bc0
 - class loader data:  loader data: 0x00007f79dc10a990 of 'bootstrap'
 - source file:       'JavaIOFileDescriptorAccess.java'
 - class annotations:       Array<T>(0x0000000000000000)
 - class type annotations:  Array<T>(0x0000000000000000)
 - field annotations:       Array<T>(0x0000000000000000)
 - field type annotations:  Array<T>(0x0000000000000000)
 - inner classes:     Array<T>(0x00000008005de810)
 - nest members:     Array<T>(0x00000008005de810)
 - permitted subclasses:     Array<T>(0x00000008005de810)
 - java mirror:       a 'java/lang/Class'{0x00000000ffe16e90} = 'jdk/internal/access/JavaIOFileDescriptorAccess'
 - vtable length      5  (start addr: 0x00000008001e3b68)
 - itable length      0 (start addr: 0x00000008001e3b90)
 - ---- static fields (0 words):
 - ---- non-static fields (0 words):
 - non-static oop maps: 
RBX={method} {0x00000008001e3d68} 'getAppend' '(Ljava/io/FileDescriptor;)Z' in 'jdk/internal/access/JavaIOFileDescriptorAccess'
RCX={method} {0x00000008001e3d68} 'getAppend' '(Ljava/io/FileDescriptor;)Z' in 'jdk/internal/access/JavaIOFileDescriptorAccess'
RDX=0x0000000800000000 is pointing into metadata
RSP=0x00007f798ae403e0 is pointing into the stack for thread: 0x00007f79dc4cc8d0
RBP=0x00007f798ae40460 is pointing into the stack for thread: 0x00007f79dc4cc8d0
RSI=0x00007f798ae404f0 is pointing into the stack for thread: 0x00007f79dc4cc8d0
RDI=0x00007f79dc4ccb58 points into unknown readable memory: 0x0000000000000000 | 00 00 00 00 00 00 00 00
R8 =0x000000000000000f is an unknown value
R9 =0x0000000000000001 is an unknown value
R10=0x0000000800000000 is pointing into metadata
R11=0x0000000000000010 is an unknown value
R12=0x0 is NULL
R13=0x0000000800afcb4b is pointing into metadata
R14=0x0000000f0825e7d0 is an unknown value
R15=0x00007f79dc4cc8d0 is a thread


Registers:
RAX=0x00000008001e3998, RBX=0x00000008001e3d68, RCX=0x00000008001e3d68, RDX=0x0000000800000000
RSP=0x00007f798ae403e0, RBP=0x00007f798ae40460, RSI=0x00007f798ae404f0, RDI=0x00007f79dc4ccb58
R8 =0x000000000000000f, R9 =0x0000000000000001, R10=0x0000000800000000, R11=0x0000000000000010
R12=0x0000000000000000, R13=0x0000000800afcb4b, R14=0x0000000f0825e7d0, R15=0x00007f79dc4cc8d0
RIP=0x00007f79c515f5e8, EFLAGS=0x0000000000010206, CSGSFS=0x002b000000000033, ERR=0x0000000000000004
  TRAPNO=0x000000000000000e

Top of Stack: (sp=0x00007f798ae403e0)
0x00007f798ae403e0:   00007f79c514e7b6 0000000085f829b0
0x00007f798ae403f0:   00000000860e3c10 000000000000001e
0x00007f798ae40400:   0000000000000000 0000000085f829f8
0x00007f798ae40410:   0000000085f82990 00007f798ae40418 

Instructions: (pc=0x00007f79c515f5e8)
0x00007f79c515f4e8:   2c 48 81 7a 08 00 00 00 00 74 1e 48 81 7a 08 01
0x00007f79c515f4f8:   00 00 00 74 14 4c 33 6a 08 49 f7 c5 fc ff ff ff
0x00007f79c515f508:   74 0b 48 83 4a 08 02 eb 04 4c 89 6a 08 48 83 c2
0x00007f79c515f518:   10 4c 8b 6a e8 41 83 ed 02 41 83 fd 02 0f 8c 80
0x00007f79c515f528:   00 00 00 4c 8b 6b 08 45 0f b7 6d 2c 4c 2b 2a 41
0x00007f79c515f538:   83 ed 01 4e 8b 6c ec 08 4d 85 ed 75 07 48 83 4a
0x00007f79c515f548:   08 01 eb 53 45 8b 6d 08 49 ba 00 00 00 00 08 00
0x00007f79c515f558:   00 00 4d 03 ea 4c 33 6a 08 49 f7 c5 fc ff ff ff
0x00007f79c515f568:   74 35 49 f7 c5 02 00 00 00 75 2c 48 81 7a 08 00
0x00007f79c515f578:   00 00 00 74 1e 48 81 7a 08 01 00 00 00 74 14 4c
0x00007f79c515f588:   33 6a 08 49 f7 c5 fc ff ff ff 74 0b 48 83 4a 08
0x00007f79c515f598:   02 eb 04 4c 89 6a 08 48 83 c2 10 4c 8b 6a d8 41
0x00007f79c515f5a8:   83 ed 04 41 c1 e5 03 49 03 d5 48 89 55 d8 4c 8d
0x00007f79c515f5b8:   6c 24 08 4c 89 6d f0 ff 63 50 4c 8b 75 c8 8b 51
0x00007f79c515f5c8:   08 49 ba 00 00 00 00 08 00 00 00 49 03 d2 48 8b
0x00007f79c515f5d8:   cb 44 8b b2 a0 00 00 00 4e 8d b4 f2 d0 01 00 00
0x00007f79c515f5e8:   4d 8b 2e 49 3b c5 74 15 4d 85 ed 0f 84 1d 03 00
0x00007f79c515f5f8:   00 49 83 c6 10 4d 8b 2e 49 3b c5 75 eb 4c 8b 6d
0x00007f79c515f608:   c0 4c 8b 6d d8 4d 85 ed 0f 84 97 00 00 00 4d 8b
0x00007f79c515f618:   75 18 4c 3b f2 0f 85 0f 00 00 00 49 83 45 20 01
0x00007f79c515f628:   49 83 5d 20 00 e9 73 00 00 00 4d 85 f6 0f 84 43
0x00007f79c515f638:   00 00 00 4d 8b 75 28 4c 3b f2 0f 85 0f 00 00 00
0x00007f79c515f648:   49 83 45 30 01 49 83 5d 30 00 e9 4e 00 00 00 4d
0x00007f79c515f658:   85 f6 74 0f 49 83 45 08 01 49 83 5d 08 00 e9 3a
0x00007f79c515f668:   00 00 00 49 89 55 28 41 be 01 00 00 00 4d 89 75
0x00007f79c515f678:   30 e9 27 00 00 00 49 3b 55 28 0f 85 0f 00 00 00
0x00007f79c515f688:   49 83 45 30 01 49 83 5d 30 00 e9 0e 00 00 00 49
0x00007f79c515f698:   89 55 18 41 be 01 00 00 00 4d 89 75 20 49 83 c5
0x00007f79c515f6a8:   38 4c 89 6d d8 48 8b 43 08 48 8b 40 08 48 8b 40
0x00007f79c515f6b8:   18 8b 5b 2c 83 eb f6 f7 db 4c 8b f2 45 8b ae a0
0x00007f79c515f6c8:   00 00 00 4f 8d ac ee d0 01 00 00 4d 8d 34 de 49
0x00007f79c515f6d8:   8b 5d 00 48 3b c3 74 16 48 85 db 0f 84 2d 02 00 


Stack slot to memory mapping:
stack at sp + 0 slots: 0x00007f79c514e7b6 is at code_begin+2518 in an Interpreter codelet
return entry points  [0x00007f79c514dde0, 0x00007f79c514e8e0]  2816 bytes
stack at sp + 1 slots: 0x0000000085f829b0 is an oop: java.io.FileDescriptor 
{0x0000000085f829b0} - klass: 'java/io/FileDescriptor'
 - ---- fields (total size 5 words):
 - private 'fd' 'I' @12  2
 - private 'handle' 'J' @16  -1 (ffffffff ffffffff)
 - private 'closed' 'Z' @24  false
 - private 'append' 'Z' @25  false
 - private 'parent' 'Ljava/io/Closeable;' @28  a 'java/io/FileOutputStream'{0x0000000085f82990} (85f82990)
 - private 'otherParents' 'Ljava/util/List;' @32  NULL (0)
 - private 'cleanup' 'Ljdk/internal/ref/PhantomCleanable;' @36  NULL (0)
stack at sp + 2 slots: 0x00000000860e3c10 points into unknown readable memory: 0x0000000000000000 | 00 00 00 00 00 00 00 00
stack at sp + 3 slots: 0x000000000000001e is an unknown value
stack at sp + 4 slots: 0x0 is NULL
stack at sp + 5 slots: 0x0000000085f829f8 is an oop: [B 
{0x0000000085f829f8} - klass: {type array byte}
 - length: 128
stack at sp + 6 slots: 0x0000000085f82990 is an oop: java.io.FileOutputStream 
{0x0000000085f82990} - klass: 'java/io/FileOutputStream'
 - ---- fields (total size 4 words):
 - private volatile 'closed' 'Z' @12  false
 - private final 'fd' 'Ljava/io/FileDescriptor;' @16  a 'java/io/FileDescriptor'{0x0000000085f829b0} (85f829b0)
 - private volatile 'channel' 'Ljava/nio/channels/FileChannel;' @20  NULL (0)
 - private final 'path' 'Ljava/lang/String;' @24  NULL (0)
 - private final 'closeLock' 'Ljava/lang/Object;' @28  a 'java/lang/Object'{0x0000000085f829d8} (85f829d8)
stack at sp + 7 slots: 0x00007f798ae40418 is pointing into the stack for thread: 0x00007f79dc4cc8d0

invokeinterface  185 invokeinterface  [0x00007f79c515ef20, 0x00007f79c515f9e0]  2752 bytes
[MachCode]
  0x00007f79c515ef20: 4883 ec08 | c5fa 1104 | 24e9 2500 | 0000 4883 | ec10 c5fb | 1104 24e9 | 1700 0000 | 4883 ec10 
  0x00007f79c515ef40: 4889 0424 | 48c7 4424 | 0800 0000 | 00e9 0100 | 0000 504c | 896d c041 | 0fb7 5501 | 488b 4dd0 
  0x00007f79c515ef60: c1e2 028b | 5cd1 28c1 | eb10 81e3 | ff00 0000 | 81fb b900 | 0000 0f84 | 9e00 0000 | bbb9 0000 
  0x00007f79c515ef80: 00e8 0500 | 0000 e983 | 0000 0048 | 8bf3 488d | 4424 084c | 896d c049 | 8bff c5f8 | 7749 89af 
  0x00007f79c515efa0: 9802 0000 | 4989 8788 | 0200 00f7 | c40f 0000 | 000f 8412 | 0000 0048 | 83ec 08e8 | a06b 111c 
  0x00007f79c515efc0: 4883 c408 | e905 0000 | 00e8 926b | 111c 49c7 | 8788 0200 | 0000 0000 | 0049 c787 | 9802 0000 
  0x00007f79c515efe0: 0000 0000 | 49c7 8790 | 0200 0000 | 0000 00c5 | f877 4981 | 7f08 0000 | 0000 0f84 | 0500 0000 
  0x00007f79c515f000: e9fb 6bfe | ff4c 8b6d | c04c 8b75 | c8c3 410f | b755 0148 | 8b4d d0c1 | e202 488b | 44d1 3048 
  0x00007f79c515f020: 8b5c d138 | 8b54 d140 | 8bca 81e1 | ff00 0000 | 488b 4ccc | f844 8bea | c1ea 1c49 | ba40 8fdd 
  0x00007f79c515f040: e179 7f00 | 0049 8b14 | d252 418b | d54c 8b6d | c044 8bf2 | 4181 e600 | 0080 000f | 8486 0300 
  0x00007f79c515f060: 008b c281 | e000 0010 | 000f 8470 | 0100 0048 | 3b01 488b | 45d8 4885 | c00f 8412 | 0000 0048 
  0x00007f79c515f080: 8340 0801 | 4883 5808 | 0048 83c0 | 3848 8945 | d848 8b45 | d848 85c0 | 0f84 3501 | 0000 8078 
  0x00007f79c515f0a0: c80b 0f85 | 2b01 0000 | 4883 c008 | 4c8b 68f8 | 4183 ed00 | 4183 fd02 | 0f8c 0a01 | 0000 4c8b 
  0x00007f79c515f0c0: 6b08 450f | b76d 2c4c | 2b28 4183 | ed01 4e8b | 6cec 084d | 85ed 7507 | 4883 4808 | 01eb 5345 
  0x00007f79c515f0e0: 8b6d 0849 | ba00 0000 | 0008 0000 | 004d 03ea | 4c33 6808 | 49f7 c5fc | ffff ff74 | 3549 f7c5 
  0x00007f79c515f100: 0200 0000 | 752c 4881 | 7808 0000 | 0000 741e | 4881 7808 | 0100 0000 | 7414 4c33 | 6808 49f7 
  0x00007f79c515f120: c5fc ffff | ff74 0b48 | 8348 0802 | eb04 4c89 | 6808 4883 | c010 4c8b | 68e8 4183 | ed02 4183 
  0x00007f79c515f140: fd02 0f8c | 8000 0000 | 4c8b 6b08 | 450f b76d | 2c4c 2b28 | 4183 ed01 | 4e8b 6cec | 084d 85ed 
  0x00007f79c515f160: 7507 4883 | 4808 01eb | 5345 8b6d | 0849 ba00 | 0000 0008 | 0000 004d | 03ea 4c33 | 6808 49f7 
  0x00007f79c515f180: c5fc ffff | ff74 3549 | f7c5 0200 | 0000 752c | 4881 7808 | 0000 0000 | 741e 4881 | 7808 0100 
  0x00007f79c515f1a0: 0000 7414 | 4c33 6808 | 49f7 c5fc | ffff ff74 | 0b48 8348 | 0802 eb04 | 4c89 6808 | 4883 c010 
  0x00007f79c515f1c0: 4c8b 68d8 | 4183 ed04 | 41c1 e503 | 4903 c548 | 8945 d84c | 8d6c 2408 | 4c89 6df0 | ff63 508b 
  0x00007f79c515f1e0: 4108 49ba | 0000 0000 | 0800 0000 | 4903 c24c | 8b75 d84d | 85f6 0f84 | 9500 0000 | 498b 5618 
  0x00007f79c515f200: 483b d00f | 850f 0000 | 0049 8346 | 2001 4983 | 5e20 00e9 | 7100 0000 | 4885 d20f | 8442 0000 
  0x00007f79c515f220: 0049 8b56 | 2848 3bd0 | 0f85 0f00 | 0000 4983 | 4630 0149 | 835e 3000 | e94c 0000 | 0048 85d2 
  0x00007f79c515f240: 740f 4983 | 4608 0149 | 835e 0800 | e938 0000 | 0049 8946 | 28ba 0100 | 0000 4989 | 5630 e926 
  0x00007f79c515f260: 0000 0049 | 3b46 280f | 850f 0000 | 0049 8346 | 3001 4983 | 5e30 00e9 | 0d00 0000 | 4989 4618 
  0x00007f79c515f280: ba01 0000 | 0049 8956 | 2049 83c6 | 384c 8975 | d848 8b9c | d8d0 0100 | 0048 8b55 | d848 85d2 
  0x00007f79c515f2a0: 0f84 3501 | 0000 807a | c80b 0f85 | 2b01 0000 | 4883 c208 | 4c8b 6af8 | 4183 ed00 | 4183 fd02 
  0x00007f79c515f2c0: 0f8c 0a01 | 0000 4c8b | 6b08 450f | b76d 2c4c | 2b2a 4183 | ed01 4e8b | 6cec 084d | 85ed 7507 
  0x00007f79c515f2e0: 4883 4a08 | 01eb 5345 | 8b6d 0849 | ba00 0000 | 0008 0000 | 004d 03ea | 4c33 6a08 | 49f7 c5fc 
  0x00007f79c515f300: ffff ff74 | 3549 f7c5 | 0200 0000 | 752c 4881 | 7a08 0000 | 0000 741e | 4881 7a08 | 0100 0000 
  0x00007f79c515f320: 7414 4c33 | 6a08 49f7 | c5fc ffff | ff74 0b48 | 834a 0802 | eb04 4c89 | 6a08 4883 | c210 4c8b 
  0x00007f79c515f340: 6ae8 4183 | ed02 4183 | fd02 0f8c | 8000 0000 | 4c8b 6b08 | 450f b76d | 2c4c 2b2a | 4183 ed01 
  0x00007f79c515f360: 4e8b 6cec | 084d 85ed | 7507 4883 | 4a08 01eb | 5345 8b6d | 0849 ba00 | 0000 0008 | 0000 004d 
  0x00007f79c515f380: 03ea 4c33 | 6a08 49f7 | c5fc ffff | ff74 3549 | f7c5 0200 | 0000 752c | 4881 7a08 | 0000 0000 
  0x00007f79c515f3a0: 741e 4881 | 7a08 0100 | 0000 7414 | 4c33 6a08 | 49f7 c5fc | ffff ff74 | 0b48 834a | 0802 eb04 
  0x00007f79c515f3c0: 4c89 6a08 | 4883 c210 | 4c8b 6ad8 | 4183 ed04 | 41c1 e503 | 4903 d548 | 8955 d84c | 8d6c 2408 
  0x00007f79c515f3e0: 4c89 6df0 | ff63 5044 | 8bf2 4181 | e600 0010 | 000f 84cb | 0100 0044 | 8b71 0849 | ba00 0000 
  0x00007f79c515f400: 0008 0000 | 004d 03f2 | 4c3b f00f | 8444 0000 | 0044 8b68 | 144b 3b04 | 2e0f 8436 | 0000 0041 
  0x00007f79c515f420: 83fd 200f | 8524 0000 | 0050 488b | c051 5749 | 8b7e 288b | 0f48 83c7 | 0848 85c0 | f248 af5f 
  0x00007f79c515f440: 5958 7509 | 4989 4620 | e908 0000 | 0049 8bd6 | e9c1 0400 | 0048 8b55 | d848 85d2 | 0f84 1200 
  0x00007f79c515f460: 0000 4883 | 4208 0148 | 835a 0800 | 4883 c238 | 4889 55d8 | 488b 55d8 | 4885 d20f | 8435 0100 
  0x00007f79c515f480: 0080 7ac8 | 0b0f 852b | 0100 0048 | 83c2 084c | 8b6a f841 | 83ed 0041 | 83fd 020f | 8c0a 0100 
  0x00007f79c515f4a0: 004c 8b6b | 0845 0fb7 | 6d2c 4c2b | 2a41 83ed | 014e 8b6c | ec08 4d85 | ed75 0748 | 834a 0801 
  0x00007f79c515f4c0: eb53 458b | 6d08 49ba | 0000 0000 | 0800 0000 | 4d03 ea4c | 336a 0849 | f7c5 fcff | ffff 7435 
  0x00007f79c515f4e0: 49f7 c502 | 0000 0075 | 2c48 817a | 0800 0000 | 0074 1e48 | 817a 0801 | 0000 0074 | 144c 336a 
  0x00007f79c515f500: 0849 f7c5 | fcff ffff | 740b 4883 | 4a08 02eb | 044c 896a | 0848 83c2 | 104c 8b6a | e841 83ed 
  0x00007f79c515f520: 0241 83fd | 020f 8c80 | 0000 004c | 8b6b 0845 | 0fb7 6d2c | 4c2b 2a41 | 83ed 014e | 8b6c ec08 
  0x00007f79c515f540: 4d85 ed75 | 0748 834a | 0801 eb53 | 458b 6d08 | 49ba 0000 | 0000 0800 | 0000 4d03 | ea4c 336a 
  0x00007f79c515f560: 0849 f7c5 | fcff ffff | 7435 49f7 | c502 0000 | 0075 2c48 | 817a 0800 | 0000 0074 | 1e48 817a 
  0x00007f79c515f580: 0801 0000 | 0074 144c | 336a 0849 | f7c5 fcff | ffff 740b | 4883 4a08 | 02eb 044c | 896a 0848 
  0x00007f79c515f5a0: 83c2 104c | 8b6a d841 | 83ed 0441 | c1e5 0349 | 03d5 4889 | 55d8 4c8d | 6c24 084c | 896d f0ff 
  0x00007f79c515f5c0: 6350 4c8b | 75c8 8b51 | 0849 ba00 | 0000 0008 | 0000 0049 | 03d2 488b | cb44 8bb2 | a000 0000 
  0x00007f79c515f5e0: 4e8d b4f2 | d001 0000 | 4d8b 2e49 | 3bc5 7415 | 4d85 ed0f | 841d 0300 | 0049 83c6 | 104d 8b2e 
  0x00007f79c515f600: 493b c575 | eb4c 8b6d | c04c 8b6d | d84d 85ed | 0f84 9700 | 0000 4d8b | 7518 4c3b | f20f 850f 
  0x00007f79c515f620: 0000 0049 | 8345 2001 | 4983 5d20 | 00e9 7300 | 0000 4d85 | f60f 8443 | 0000 004d | 8b75 284c 
  0x00007f79c515f640: 3bf2 0f85 | 0f00 0000 | 4983 4530 | 0149 835d | 3000 e94e | 0000 004d | 85f6 740f | 4983 4508 
  0x00007f79c515f660: 0149 835d | 0800 e93a | 0000 0049 | 8955 2841 | be01 0000 | 004d 8975 | 30e9 2700 | 0000 493b 
  0x00007f79c515f680: 5528 0f85 | 0f00 0000 | 4983 4530 | 0149 835d | 3000 e90e | 0000 0049 | 8955 1841 | be01 0000 
  0x00007f79c515f6a0: 004d 8975 | 2049 83c5 | 384c 896d | d848 8b43 | 0848 8b40 | 0848 8b40 | 188b 5b2c | 83eb f6f7 
  0x00007f79c515f6c0: db4c 8bf2 | 458b aea0 | 0000 004f | 8dac eed0 | 0100 004d | 8d34 de49 | 8b5d 0048 | 3bc3 7416 
  0x00007f79c515f6e0: 4885 db0f | 842d 0200 | 0049 83c5 | 1049 8b5d | 0048 3bc3 | 75ea 458b | 6d08 4b8b | 1c2e 4885 
  0x00007f79c515f700: db0f 8462 | 0100 0048 | 8b55 d848 | 85d2 0f84 | 3501 0000 | 807a c80b | 0f85 2b01 | 0000 4883 
  0x00007f79c515f720: c208 4c8b | 6af8 4183 | ed00 4183 | fd02 0f8c | 0a01 0000 | 4c8b 6b08 | 450f b76d | 2c4c 2b2a 
  0x00007f79c515f740: 4183 ed01 | 4e8b 6cec | 084d 85ed | 7507 4883 | 4a08 01eb | 5345 8b6d | 0849 ba00 | 0000 0008 
  0x00007f79c515f760: 0000 004d | 03ea 4c33 | 6a08 49f7 | c5fc ffff | ff74 3549 | f7c5 0200 | 0000 752c | 4881 7a08 
  0x00007f79c515f780: 0000 0000 | 741e 4881 | 7a08 0100 | 0000 7414 | 4c33 6a08 | 49f7 c5fc | ffff ff74 | 0b48 834a 
  0x00007f79c515f7a0: 0802 eb04 | 4c89 6a08 | 4883 c210 | 4c8b 6ae8 | 4183 ed02 | 4183 fd02 | 0f8c 8000 | 0000 4c8b 
  0x00007f79c515f7c0: 6b08 450f | b76d 2c4c | 2b2a 4183 | ed01 4e8b | 6cec 084d | 85ed 7507 | 4883 4a08 | 01eb 5345 
  0x00007f79c515f7e0: 8b6d 0849 | ba00 0000 | 0008 0000 | 004d 03ea | 4c33 6a08 | 49f7 c5fc | ffff ff74 | 3549 f7c5 
  0x00007f79c515f800: 0200 0000 | 752c 4881 | 7a08 0000 | 0000 741e | 4881 7a08 | 0100 0000 | 7414 4c33 | 6a08 49f7 
  0x00007f79c515f820: c5fc ffff | ff74 0b48 | 834a 0802 | eb04 4c89 | 6a08 4883 | c210 4c8b | 6ad8 4183 | ed04 41c1 
  0x00007f79c515f840: e503 4903 | d548 8955 | d84c 8d6c | 2408 4c89 | 6df0 ff63 | 5048 bf5a | 5fa3 e179 | 7f00 0048 
  0x00007f79c515f860: 83e4 f0e8 | 98d6 3e1c | f45b 4c8b | 6dc0 4c8b | 75c8 488b | f248 8bd1 | e805 0000 | 00e9 8000 
  0x00007f79c515f880: 0000 488d | 4424 084c | 896d c049 | 8bff c5f8 | 7749 89af | 9802 0000 | 4989 8788 | 0200 00f7 
  0x00007f79c515f8a0: c40f 0000 | 000f 8412 | 0000 0048 | 83ec 08e8 | 7c3a 111c | 4883 c408 | e905 0000 | 00e8 6e3a 
  0x00007f79c515f8c0: 111c 49c7 | 8788 0200 | 0000 0000 | 0049 c787 | 9802 0000 | 0000 0000 | 49c7 8790 | 0200 0000 
  0x00007f79c515f8e0: 0000 00c5 | f877 4981 | 7f08 0000 | 0000 0f84 | 0500 0000 | e907 63fe | ff4c 8b6d | c04c 8b75 
  0x00007f79c515f900: c8c3 48bf | 5a5f a3e1 | 797f 0000 | 4883 e4f0 | e8eb d53e | 1cf4 5b4c | 8b6d c04c | 8b75 c848 
  0x00007f79c515f920: 8bf2 e805 | 0000 00e9 | 8300 0000 | 488b d048 | 8d44 2408 | 4c89 6dc0 | 498b ffc5 | f877 4989 
  0x00007f79c515f940: af98 0200 | 0049 8987 | 8802 0000 | f7c4 0f00 | 0000 0f84 | 1200 0000 | 4883 ec08 | e87f 0711 
  0x00007f79c515f960: 1c48 83c4 | 08e9 0500 | 0000 e871 | 0711 1c49 | c787 8802 | 0000 0000 | 0000 49c7 | 8798 0200 
  0x00007f79c515f980: 0000 0000 | 0049 c787 | 9002 0000 | 0000 0000 | c5f8 7749 | 817f 0800 | 0000 000f | 8405 0000 
  0x00007f79c515f9a0: 00e9 5a62 | feff 4c8b | 6dc0 4c8b | 75c8 c348 | bf5a 5fa3 | e179 7f00 | 0048 83e4 | f0e8 3ed5 
  0x00007f79c515f9c0: 3e1c f40f | 1f44 0000 | 0000 0000 | 0000 0000 | 0000 0000 | 0000 0000 | 0000 0000 | 0000 0000 
[/MachCode]

---------------  P R O C E S S  ---------------

Threads class SMR info:
_java_thread_list=0x00007f796807b0e0, length=17, elements={
0x00007f79dc013c80, 0x00007f79dc128750, 0x00007f79dc129b30, 0x00007f79dc131710,
0x00007f79dc132ac0, 0x00007f79dc133ed0, 0x00007f79dc135880, 0x00007f79dc136db0,
0x00007f79dc140210, 0x00007f79dc147930, 0x00007f79dc14adb0, 0x00007f79dc28b1e0,
0x00007f79dc281620, 0x00007f79dc3c8680, 0x00007f79dc4c42a0, 0x00007f79dc4c8420,
0x00007f79dc4cc8d0
}

Java Threads: ( => current thread )
  0x00007f79dc013c80 JavaThread "main" [_thread_blocked, id=433, stack(0x00007f79e05f1000,0x00007f79e06f2000)]
  0x00007f79dc128750 JavaThread "Reference Handler" daemon [_thread_blocked, id=441, stack(0x00007f79b09fd000,0x00007f79b0afe000)]
  0x00007f79dc129b30 JavaThread "Finalizer" daemon [_thread_blocked, id=442, stack(0x00007f79b08fc000,0x00007f79b09fd000)]
  0x00007f79dc131710 JavaThread "Unknown thread" [_thread_blocked, id=443, stack(0x00007f79b03a2000,0x00007f79b04a3000)]
  0x00007f79dc132ac0 JavaThread "Unknown thread" [_thread_blocked, id=444, stack(0x00007f79b02a1000,0x00007f79b03a2000)]
  0x00007f79dc133ed0 JavaThread "Unknown thread" [_thread_blocked, id=445, stack(0x00007f79b01a0000,0x00007f79b02a1000)]
  0x00007f79dc135880 JavaThread "Unknown thread" [_thread_blocked, id=446, stack(0x00007f79b009f000,0x00007f79b01a0000)]
  0x00007f79dc136db0 JavaThread "Unknown thread" [_thread_blocked, id=447, stack(0x00007f798beff000,0x00007f798c000000)]
  0x00007f79dc140210 JavaThread "Sweeper thread" daemon [_thread_blocked, id=448, stack(0x00007f798bdfe000,0x00007f798beff000)]
  0x00007f79dc147930 JavaThread "Unknown thread" [_thread_blocked, id=449, stack(0x00007f798bcfd000,0x00007f798bdfe000)]
  0x00007f79dc14adb0 JavaThread "Common-Cleaner" daemon [_thread_blocked, id=451, stack(0x00007f798bafa000,0x00007f798bbfb000)]
  0x00007f79dc28b1e0 JavaThread "" daemon [_thread_in_native, id=482, stack(0x00007f798b8f8000,0x00007f798b9f9000)]
  0x00007f79dc281620 JavaThread "" daemon [_thread_in_native, id=483, stack(0x00007f798b7f7000,0x00007f798b8f8000)]
  0x00007f79dc3c8680 JavaThread "Thread-0" daemon [_thread_blocked, id=495, stack(0x00007f798b9f9000,0x00007f798bafa000)]
  0x00007f79dc4c42a0 JavaThread "Heartbeat-0" [_thread_blocked, id=507, stack(0x00007f798ab13000,0x00007f798ac14000)]
  0x00007f79dc4c8420 JavaThread "Shell-0" [_thread_blocked, id=508, stack(0x00007f798ae42000,0x00007f798af43000)]
=>0x00007f79dc4cc8d0 JavaThread "Shell-1" [_thread_in_Java, id=509, stack(0x00007f798ad41000,0x00007f798ae42000)]

Other Threads:
  0x00007f79dc1247d0 VMThread "VM Thread" [stack: 0x00007f79b0b00000,0x00007f79b0c00000] [id=440]
  0x00007f79dc149270 WatcherThread [stack: 0x00007f798bbfd000,0x00007f798bcfd000] [id=450]
  0x00007f79dc06e270 GCTaskThread "GC Thread#0" [stack: 0x00007f79c0297000,0x00007f79c0397000] [id=435]
  0x00007f79a8005e30 GCTaskThread "GC Thread#1" [stack: 0x00007f798b44f000,0x00007f798b54f000] [id=498]
  0x00007f79a8006860 GCTaskThread "GC Thread#2" [stack: 0x00007f798b34d000,0x00007f798b44d000] [id=499]
  0x00007f79a800cf50 GCTaskThread "GC Thread#3" [stack: 0x00007f798b24b000,0x00007f798b34b000] [id=500]
  0x00007f79a800d940 GCTaskThread "GC Thread#4" [stack: 0x00007f798b149000,0x00007f798b249000] [id=501]
  0x00007f79a800e370 GCTaskThread "GC Thread#5" [stack: 0x00007f798b047000,0x00007f798b147000] [id=502]
  0x00007f79a8009450 GCTaskThread "GC Thread#6" [stack: 0x00007f798aa13000,0x00007f798ab13000] [id=510]
  0x00007f79a8009cf0 GCTaskThread "GC Thread#7" [stack: 0x00007f798a911000,0x00007f798aa11000] [id=511]
  0x00007f79dc07ed30 ConcurrentGCThread "G1 Main Marker" [stack: 0x00007f79c0195000,0x00007f79c0295000] [id=436]
  0x00007f79dc07fc90 ConcurrentGCThread "G1 Conc#0" [stack: 0x00007f79c0093000,0x00007f79c0193000] [id=437]
  0x00007f79dc0f5620 ConcurrentGCThread "G1 Refine#0" [stack: 0x00007f79b16f8000,0x00007f79b17f8000] [id=438]
  0x00007f79ac000d20 ConcurrentGCThread "G1 Refine#1" [stack: 0x00007f798af45000,0x00007f798b045000] [id=503]
  0x00007f7944000fc0 ConcurrentGCThread "G1 Refine#2" [stack: 0x00007f798ac16000,0x00007f798ad16000] [id=506]
  0x00007f79dc0f6510 ConcurrentGCThread "G1 Service" [stack: 0x00007f79b15f6000,0x00007f79b16f6000] [id=439]

Threads with active compile tasks:

VM state: not at safepoint (normal execution)

VM Mutex/Monitor currently owned by a thread: None

Heap address: 0x0000000085a00000, size: 1958 MB, Compressed Oops mode: 32-bit

CDS archive(s) mapped at: [0x0000000800000000-0x0000000800be3000-0x0000000800be3000), size 12464128, SharedBaseAddress: 0x0000000800000000, ArchiveRelocationMode: 0.
Compressed class space mapped at: 0x0000000800c00000-0x0000000840c00000, reserved size: 1073741824
Narrow klass base: 0x0000000800000000, Narrow klass shift: 0, Narrow klass range: 0x100000000

GC Precious Log:
 CPUs: 8 total, 8 available
 Memory: 7827M
 Large Page Support: Disabled
 NUMA Support: Disabled
 Compressed Oops: Enabled (32-bit)
 Heap Region Size: 1M
 Heap Min Capacity: 8M
 Heap Initial Capacity: 124M
 Heap Max Capacity: 1958M
 Pre-touch: Disabled
 Parallel Workers: 8
 Concurrent Workers: 2
 Concurrent Refinement Workers: 8
 Periodic GC: Disabled

Heap:
 garbage-first heap   total 129024K, used 25873K [0x0000000085a00000, 0x0000000100000000)
  region size 1024K, 12 young (12288K), 8 survivors (8192K)
 Metaspace       used 9532K, committed 9792K, reserved 1064960K
  class space    used 1148K, committed 1280K, reserved 1048576K

Heap Regions: E=young(eden), S=young(survivor), O=old, HS=humongous(starts), HC=humongous(continues), CS=collection set, F=free, OA=open archive, CA=closed archive, TAMS=top-at-mark-start (previous, next)
|   0|0x0000000085a00000, 0x0000000085b00000, 0x0000000085b00000|100%| O|  |TAMS 0x0000000085a00000, 0x0000000085a00000| Untracked 
|   1|0x0000000085b00000, 0x0000000085c00000, 0x0000000085c00000|100%| O|  |TAMS 0x0000000085b00000, 0x0000000085b00000| Untracked 
|   2|0x0000000085c00000, 0x0000000085d00000, 0x0000000085d00000|100%| O|  |TAMS 0x0000000085c00000, 0x0000000085c00000| Untracked 
|   3|0x0000000085d00000, 0x0000000085e00000, 0x0000000085e00000|100%| O|  |TAMS 0x0000000085d00000, 0x0000000085d00000| Untracked 
|   4|0x0000000085e00000, 0x0000000085f00000, 0x0000000085f00000|100%| O|  |TAMS 0x0000000085e00000, 0x0000000085e00000| Untracked 
|   5|0x0000000085f00000, 0x0000000086000000, 0x0000000086000000|100%| O|  |TAMS 0x0000000085f00000, 0x0000000085f00000| Untracked 
|   6|0x0000000086000000, 0x0000000086100000, 0x0000000086100000|100%| O|  |TAMS 0x0000000086000000, 0x0000000086000000| Untracked 
|   7|0x0000000086100000, 0x0000000086200000, 0x0000000086200000|100%| O|  |TAMS 0x0000000086100000, 0x0000000086100000| Untracked 
|   8|0x0000000086200000, 0x0000000086300000, 0x0000000086300000|100%| O|  |TAMS 0x0000000086200000, 0x0000000086200000| Untracked 
|   9|0x0000000086300000, 0x0000000086400000, 0x0000000086400000|100%| O|  |TAMS 0x0000000086300000, 0x0000000086300000| Untracked 
|  10|0x0000000086400000, 0x0000000086500000, 0x0000000086500000|100%| O|  |TAMS 0x0000000086400000, 0x0000000086400000| Untracked 
|  11|0x0000000086500000, 0x0000000086600000, 0x0000000086600000|100%| O|  |TAMS 0x0000000086500000, 0x0000000086500000| Untracked 
|  12|0x0000000086600000, 0x0000000086700000, 0x0000000086700000|100%| O|  |TAMS 0x0000000086600000, 0x0000000086600000| Untracked 
|  13|0x0000000086700000, 0x000000008674a400, 0x0000000086800000| 29%| O|  |TAMS 0x0000000086700000, 0x0000000086700000| Untracked 
|  14|0x0000000086800000, 0x0000000086800000, 0x0000000086900000|  0%| F|  |TAMS 0x0000000086800000, 0x0000000086800000| Untracked 
|  15|0x0000000086900000, 0x0000000086900000, 0x0000000086a00000|  0%| F|  |TAMS 0x0000000086900000, 0x0000000086900000| Untracked 
|  16|0x0000000086a00000, 0x0000000086a00000, 0x0000000086b00000|  0%| F|  |TAMS 0x0000000086a00000, 0x0000000086a00000| Untracked 
|  17|0x0000000086b00000, 0x0000000086b00000, 0x0000000086c00000|  0%| F|  |TAMS 0x0000000086b00000, 0x0000000086b00000| Untracked 
|  18|0x0000000086c00000, 0x0000000086c00000, 0x0000000086d00000|  0%| F|  |TAMS 0x0000000086c00000, 0x0000000086c00000| Untracked 
|  19|0x0000000086d00000, 0x0000000086d00000, 0x0000000086e00000|  0%| F|  |TAMS 0x0000000086d00000, 0x0000000086d00000| Untracked 
|  20|0x0000000086e00000, 0x0000000086e00000, 0x0000000086f00000|  0%| F|  |TAMS 0x0000000086e00000, 0x0000000086e00000| Untracked 
|  21|0x0000000086f00000, 0x0000000086f00000, 0x0000000087000000|  0%| F|  |TAMS 0x0000000086f00000, 0x0000000086f00000| Untracked 
|  22|0x0000000087000000, 0x0000000087000000, 0x0000000087100000|  0%| F|  |TAMS 0x0000000087000000, 0x0000000087000000| Untracked 
|  23|0x0000000087100000, 0x0000000087100000, 0x0000000087200000|  0%| F|  |TAMS 0x0000000087100000, 0x0000000087100000| Untracked 
|  24|0x0000000087200000, 0x0000000087200000, 0x0000000087300000|  0%| F|  |TAMS 0x0000000087200000, 0x0000000087200000| Untracked 
|  25|0x0000000087300000, 0x0000000087300000, 0x0000000087400000|  0%| F|  |TAMS 0x0000000087300000, 0x0000000087300000| Untracked 
|  26|0x0000000087400000, 0x0000000087400000, 0x0000000087500000|  0%| F|  |TAMS 0x0000000087400000, 0x0000000087400000| Untracked 
|  27|0x0000000087500000, 0x0000000087500000, 0x0000000087600000|  0%| F|  |TAMS 0x0000000087500000, 0x0000000087500000| Untracked 
|  28|0x0000000087600000, 0x0000000087600000, 0x0000000087700000|  0%| F|  |TAMS 0x0000000087600000, 0x0000000087600000| Untracked 
|  29|0x0000000087700000, 0x0000000087700000, 0x0000000087800000|  0%| F|  |TAMS 0x0000000087700000, 0x0000000087700000| Untracked 
|  30|0x0000000087800000, 0x0000000087800000, 0x0000000087900000|  0%| F|  |TAMS 0x0000000087800000, 0x0000000087800000| Untracked 
|  31|0x0000000087900000, 0x0000000087900000, 0x0000000087a00000|  0%| F|  |TAMS 0x0000000087900000, 0x0000000087900000| Untracked 
|  32|0x0000000087a00000, 0x0000000087a00000, 0x0000000087b00000|  0%| F|  |TAMS 0x0000000087a00000, 0x0000000087a00000| Untracked 
|  33|0x0000000087b00000, 0x0000000087b00000, 0x0000000087c00000|  0%| F|  |TAMS 0x0000000087b00000, 0x0000000087b00000| Untracked 
|  34|0x0000000087c00000, 0x0000000087c00000, 0x0000000087d00000|  0%| F|  |TAMS 0x0000000087c00000, 0x0000000087c00000| Untracked 
|  35|0x0000000087d00000, 0x0000000087d00000, 0x0000000087e00000|  0%| F|  |TAMS 0x0000000087d00000, 0x0000000087d00000| Untracked 
|  36|0x0000000087e00000, 0x0000000087e00000, 0x0000000087f00000|  0%| F|  |TAMS 0x0000000087e00000, 0x0000000087e00000| Untracked 
|  37|0x0000000087f00000, 0x0000000087f00000, 0x0000000088000000|  0%| F|  |TAMS 0x0000000087f00000, 0x0000000087f00000| Untracked 
|  38|0x0000000088000000, 0x0000000088000000, 0x0000000088100000|  0%| F|  |TAMS 0x0000000088000000, 0x0000000088000000| Untracked 
|  39|0x0000000088100000, 0x0000000088100000, 0x0000000088200000|  0%| F|  |TAMS 0x0000000088100000, 0x0000000088100000| Untracked 
|  40|0x0000000088200000, 0x0000000088200000, 0x0000000088300000|  0%| F|  |TAMS 0x0000000088200000, 0x0000000088200000| Untracked 
|  41|0x0000000088300000, 0x0000000088300000, 0x0000000088400000|  0%| F|  |TAMS 0x0000000088300000, 0x0000000088300000| Untracked 
|  42|0x0000000088400000, 0x0000000088400000, 0x0000000088500000|  0%| F|  |TAMS 0x0000000088400000, 0x0000000088400000| Untracked 
|  43|0x0000000088500000, 0x0000000088500000, 0x0000000088600000|  0%| F|  |TAMS 0x0000000088500000, 0x0000000088500000| Untracked 
|  44|0x0000000088600000, 0x0000000088600000, 0x0000000088700000|  0%| F|  |TAMS 0x0000000088600000, 0x0000000088600000| Untracked 
|  45|0x0000000088700000, 0x0000000088700000, 0x0000000088800000|  0%| F|  |TAMS 0x0000000088700000, 0x0000000088700000| Untracked 
|  46|0x0000000088800000, 0x0000000088800000, 0x0000000088900000|  0%| F|  |TAMS 0x0000000088800000, 0x0000000088800000| Untracked 
|  47|0x0000000088900000, 0x0000000088900000, 0x0000000088a00000|  0%| F|  |TAMS 0x0000000088900000, 0x0000000088900000| Untracked 
|  48|0x0000000088a00000, 0x0000000088a00000, 0x0000000088b00000|  0%| F|  |TAMS 0x0000000088a00000, 0x0000000088a00000| Untracked 
|  49|0x0000000088b00000, 0x0000000088b00000, 0x0000000088c00000|  0%| F|  |TAMS 0x0000000088b00000, 0x0000000088b00000| Untracked 
|  50|0x0000000088c00000, 0x0000000088c00000, 0x0000000088d00000|  0%| F|  |TAMS 0x0000000088c00000, 0x0000000088c00000| Untracked 
|  51|0x0000000088d00000, 0x0000000088d00000, 0x0000000088e00000|  0%| F|  |TAMS 0x0000000088d00000, 0x0000000088d00000| Untracked 
|  52|0x0000000088e00000, 0x0000000088f00000, 0x0000000088f00000|100%| S|CS|TAMS 0x0000000088e00000, 0x0000000088e00000| Complete 
|  53|0x0000000088f00000, 0x0000000089000000, 0x0000000089000000|100%| S|CS|TAMS 0x0000000088f00000, 0x0000000088f00000| Complete 
|  54|0x0000000089000000, 0x0000000089100000, 0x0000000089100000|100%| S|CS|TAMS 0x0000000089000000, 0x0000000089000000| Complete 
|  55|0x0000000089100000, 0x0000000089200000, 0x0000000089200000|100%| S|CS|TAMS 0x0000000089100000, 0x0000000089100000| Complete 
|  56|0x0000000089200000, 0x0000000089300000, 0x0000000089300000|100%| S|CS|TAMS 0x0000000089200000, 0x0000000089200000| Complete 
|  57|0x0000000089300000, 0x0000000089400000, 0x0000000089400000|100%| S|CS|TAMS 0x0000000089300000, 0x0000000089300000| Complete 
|  58|0x0000000089400000, 0x0000000089500000, 0x0000000089500000|100%| S|CS|TAMS 0x0000000089400000, 0x0000000089400000| Complete 
|  59|0x0000000089500000, 0x0000000089600000, 0x0000000089600000|100%| S|CS|TAMS 0x0000000089500000, 0x0000000089500000| Complete 
|  60|0x0000000089600000, 0x0000000089600000, 0x0000000089700000|  0%| F|  |TAMS 0x0000000089600000, 0x0000000089600000| Untracked 
|  61|0x0000000089700000, 0x0000000089700000, 0x0000000089800000|  0%| F|  |TAMS 0x0000000089700000, 0x0000000089700000| Untracked 
|  62|0x0000000089800000, 0x0000000089800000, 0x0000000089900000|  0%| F|  |TAMS 0x0000000089800000, 0x0000000089800000| Untracked 
|  63|0x0000000089900000, 0x0000000089900000, 0x0000000089a00000|  0%| F|  |TAMS 0x0000000089900000, 0x0000000089900000| Untracked 
|  64|0x0000000089a00000, 0x0000000089a00000, 0x0000000089b00000|  0%| F|  |TAMS 0x0000000089a00000, 0x0000000089a00000| Untracked 
|  65|0x0000000089b00000, 0x0000000089b00000, 0x0000000089c00000|  0%| F|  |TAMS 0x0000000089b00000, 0x0000000089b00000| Untracked 
|  66|0x0000000089c00000, 0x0000000089c00000, 0x0000000089d00000|  0%| F|  |TAMS 0x0000000089c00000, 0x0000000089c00000| Untracked 
|  67|0x0000000089d00000, 0x0000000089d00000, 0x0000000089e00000|  0%| F|  |TAMS 0x0000000089d00000, 0x0000000089d00000| Untracked 
|  68|0x0000000089e00000, 0x0000000089e00000, 0x0000000089f00000|  0%| F|  |TAMS 0x0000000089e00000, 0x0000000089e00000| Untracked 
|  69|0x0000000089f00000, 0x0000000089f00000, 0x000000008a000000|  0%| F|  |TAMS 0x0000000089f00000, 0x0000000089f00000| Untracked 
|  70|0x000000008a000000, 0x000000008a000000, 0x000000008a100000|  0%| F|  |TAMS 0x000000008a000000, 0x000000008a000000| Untracked 
|  71|0x000000008a100000, 0x000000008a100000, 0x000000008a200000|  0%| F|  |TAMS 0x000000008a100000, 0x000000008a100000| Untracked 
|  72|0x000000008a200000, 0x000000008a200000, 0x000000008a300000|  0%| F|  |TAMS 0x000000008a200000, 0x000000008a200000| Untracked 
|  73|0x000000008a300000, 0x000000008a300000, 0x000000008a400000|  0%| F|  |TAMS 0x000000008a300000, 0x000000008a300000| Untracked 
|  74|0x000000008a400000, 0x000000008a400000, 0x000000008a500000|  0%| F|  |TAMS 0x000000008a400000, 0x000000008a400000| Untracked 
|  75|0x000000008a500000, 0x000000008a500000, 0x000000008a600000|  0%| F|  |TAMS 0x000000008a500000, 0x000000008a500000| Untracked 
|  76|0x000000008a600000, 0x000000008a600000, 0x000000008a700000|  0%| F|  |TAMS 0x000000008a600000, 0x000000008a600000| Untracked 
|  77|0x000000008a700000, 0x000000008a700000, 0x000000008a800000|  0%| F|  |TAMS 0x000000008a700000, 0x000000008a700000| Untracked 
|  78|0x000000008a800000, 0x000000008a800000, 0x000000008a900000|  0%| F|  |TAMS 0x000000008a800000, 0x000000008a800000| Untracked 
|  79|0x000000008a900000, 0x000000008a900000, 0x000000008aa00000|  0%| F|  |TAMS 0x000000008a900000, 0x000000008a900000| Untracked 
|  80|0x000000008aa00000, 0x000000008aa00000, 0x000000008ab00000|  0%| F|  |TAMS 0x000000008aa00000, 0x000000008aa00000| Untracked 
|  81|0x000000008ab00000, 0x000000008ab00000, 0x000000008ac00000|  0%| F|  |TAMS 0x000000008ab00000, 0x000000008ab00000| Untracked 
|  82|0x000000008ac00000, 0x000000008ac00000, 0x000000008ad00000|  0%| F|  |TAMS 0x000000008ac00000, 0x000000008ac00000| Untracked 
|  83|0x000000008ad00000, 0x000000008ad00000, 0x000000008ae00000|  0%| F|  |TAMS 0x000000008ad00000, 0x000000008ad00000| Untracked 
|  84|0x000000008ae00000, 0x000000008ae00000, 0x000000008af00000|  0%| F|  |TAMS 0x000000008ae00000, 0x000000008ae00000| Untracked 
|  85|0x000000008af00000, 0x000000008af00000, 0x000000008b000000|  0%| F|  |TAMS 0x000000008af00000, 0x000000008af00000| Untracked 
|  86|0x000000008b000000, 0x000000008b000000, 0x000000008b100000|  0%| F|  |TAMS 0x000000008b000000, 0x000000008b000000| Untracked 
|  87|0x000000008b100000, 0x000000008b100000, 0x000000008b200000|  0%| F|  |TAMS 0x000000008b100000, 0x000000008b100000| Untracked 
|  88|0x000000008b200000, 0x000000008b200000, 0x000000008b300000|  0%| F|  |TAMS 0x000000008b200000, 0x000000008b200000| Untracked 
|  89|0x000000008b300000, 0x000000008b300000, 0x000000008b400000|  0%| F|  |TAMS 0x000000008b300000, 0x000000008b300000| Untracked 
|  90|0x000000008b400000, 0x000000008b400000, 0x000000008b500000|  0%| F|  |TAMS 0x000000008b400000, 0x000000008b400000| Untracked 
|  91|0x000000008b500000, 0x000000008b500000, 0x000000008b600000|  0%| F|  |TAMS 0x000000008b500000, 0x000000008b500000| Untracked 
|  92|0x000000008b600000, 0x000000008b600000, 0x000000008b700000|  0%| F|  |TAMS 0x000000008b600000, 0x000000008b600000| Untracked 
|  93|0x000000008b700000, 0x000000008b700000, 0x000000008b800000|  0%| F|  |TAMS 0x000000008b700000, 0x000000008b700000| Untracked 
|  94|0x000000008b800000, 0x000000008b800000, 0x000000008b900000|  0%| F|  |TAMS 0x000000008b800000, 0x000000008b800000| Untracked 
|  95|0x000000008b900000, 0x000000008b900000, 0x000000008ba00000|  0%| F|  |TAMS 0x000000008b900000, 0x000000008b900000| Untracked 
|  96|0x000000008ba00000, 0x000000008ba00000, 0x000000008bb00000|  0%| F|  |TAMS 0x000000008ba00000, 0x000000008ba00000| Untracked 
|  97|0x000000008bb00000, 0x000000008bb00000, 0x000000008bc00000|  0%| F|  |TAMS 0x000000008bb00000, 0x000000008bb00000| Untracked 
|  98|0x000000008bc00000, 0x000000008bc00000, 0x000000008bd00000|  0%| F|  |TAMS 0x000000008bc00000, 0x000000008bc00000| Untracked 
|  99|0x000000008bd00000, 0x000000008bd00000, 0x000000008be00000|  0%| F|  |TAMS 0x000000008bd00000, 0x000000008bd00000| Untracked 
| 100|0x000000008be00000, 0x000000008be00000, 0x000000008bf00000|  0%| F|  |TAMS 0x000000008be00000, 0x000000008be00000| Untracked 
| 101|0x000000008bf00000, 0x000000008bf00000, 0x000000008c000000|  0%| F|  |TAMS 0x000000008bf00000, 0x000000008bf00000| Untracked 
| 102|0x000000008c000000, 0x000000008c000000, 0x000000008c100000|  0%| F|  |TAMS 0x000000008c000000, 0x000000008c000000| Untracked 
| 103|0x000000008c100000, 0x000000008c100000, 0x000000008c200000|  0%| F|  |TAMS 0x000000008c100000, 0x000000008c100000| Untracked 
| 104|0x000000008c200000, 0x000000008c200000, 0x000000008c300000|  0%| F|  |TAMS 0x000000008c200000, 0x000000008c200000| Untracked 
| 105|0x000000008c300000, 0x000000008c300000, 0x000000008c400000|  0%| F|  |TAMS 0x000000008c300000, 0x000000008c300000| Untracked 
| 106|0x000000008c400000, 0x000000008c400000, 0x000000008c500000|  0%| F|  |TAMS 0x000000008c400000, 0x000000008c400000| Untracked 
| 107|0x000000008c500000, 0x000000008c500000, 0x000000008c600000|  0%| F|  |TAMS 0x000000008c500000, 0x000000008c500000| Untracked 
| 108|0x000000008c600000, 0x000000008c600000, 0x000000008c700000|  0%| F|  |TAMS 0x000000008c600000, 0x000000008c600000| Untracked 
| 109|0x000000008c700000, 0x000000008c700000, 0x000000008c800000|  0%| F|  |TAMS 0x000000008c700000, 0x000000008c700000| Untracked 
| 110|0x000000008c800000, 0x000000008c800000, 0x000000008c900000|  0%| F|  |TAMS 0x000000008c800000, 0x000000008c800000| Untracked 
| 111|0x000000008c900000, 0x000000008c900000, 0x000000008ca00000|  0%| F|  |TAMS 0x000000008c900000, 0x000000008c900000| Untracked 
| 112|0x000000008ca00000, 0x000000008ca00000, 0x000000008cb00000|  0%| F|  |TAMS 0x000000008ca00000, 0x000000008ca00000| Untracked 
| 113|0x000000008cb00000, 0x000000008cb00000, 0x000000008cc00000|  0%| F|  |TAMS 0x000000008cb00000, 0x000000008cb00000| Untracked 
| 114|0x000000008cc00000, 0x000000008cc00000, 0x000000008cd00000|  0%| F|  |TAMS 0x000000008cc00000, 0x000000008cc00000| Untracked 
| 115|0x000000008cd00000, 0x000000008cd00000, 0x000000008ce00000|  0%| F|  |TAMS 0x000000008cd00000, 0x000000008cd00000| Untracked 
| 116|0x000000008ce00000, 0x000000008ce00000, 0x000000008cf00000|  0%| F|  |TAMS 0x000000008ce00000, 0x000000008ce00000| Untracked 
| 117|0x000000008cf00000, 0x000000008cf00000, 0x000000008d000000|  0%| F|  |TAMS 0x000000008cf00000, 0x000000008cf00000| Untracked 
| 118|0x000000008d000000, 0x000000008d000000, 0x000000008d100000|  0%| F|  |TAMS 0x000000008d000000, 0x000000008d000000| Untracked 
| 119|0x000000008d100000, 0x000000008d100000, 0x000000008d200000|  0%| F|  |TAMS 0x000000008d100000, 0x000000008d100000| Untracked 
| 120|0x000000008d200000, 0x000000008d22e978, 0x000000008d300000| 18%| E|  |TAMS 0x000000008d200000, 0x000000008d200000| Complete 
| 121|0x000000008d300000, 0x000000008d400000, 0x000000008d400000|100%| E|CS|TAMS 0x000000008d300000, 0x000000008d300000| Complete 
| 122|0x000000008d400000, 0x000000008d500000, 0x000000008d500000|100%| E|CS|TAMS 0x000000008d400000, 0x000000008d400000| Complete 
| 123|0x000000008d500000, 0x000000008d600000, 0x000000008d600000|100%| E|CS|TAMS 0x000000008d500000, 0x000000008d500000| Complete 
|1956|0x00000000ffe00000, 0x00000000ffe77000, 0x00000000fff00000| 46%|OA|  |TAMS 0x00000000ffe00000, 0x00000000ffe00000| Untracked 
|1957|0x00000000fff00000, 0x00000000fff83000, 0x0000000100000000| 51%|CA|  |TAMS 0x00000000fff00000, 0x00000000fff00000| Untracked 

Card table byte_map: [0x00007f79c449a000,0x00007f79c486d000] _byte_map_base: 0x00007f79c406d000

Marking Bits (Prev, Next): (CMBitMap*) 0x00007f79dc06ecf0, (CMBitMap*) 0x00007f79dc06ed30
 Prev Bits: [0x00007f79c222f000, 0x00007f79c40c7000)
 Next Bits: [0x00007f79c0397000, 0x00007f79c222f000)

Polling page: 0x00007f79e05ef000

Metaspace:

Usage:
  Non-class:      8.19 MB used.
      Class:      1.12 MB used.
       Both:      9.31 MB used.

Virtual space:
  Non-class space:       16.00 MB reserved,       8.31 MB ( 52%) committed,  2 nodes.
      Class space:        1.00 GB reserved,       1.25 MB ( <1%) committed,  1 nodes.
             Both:        1.02 GB reserved,       9.56 MB ( <1%) committed. 

Chunk freelists:
   Non-Class:  2.91 MB
       Class:  2.78 MB
        Both:  5.69 MB

MaxMetaspaceSize: unlimited
CompressedClassSpaceSize: 1.00 GB
Initial GC threshold: 21.00 MB
Current GC threshold: 21.00 MB
CDS: on
MetaspaceReclaimPolicy: balanced
 - commit_granule_bytes: 65536.
 - commit_granule_words: 8192.
 - virtual_space_node_default_size: 1048576.
 - enlarge_chunks_in_place: 1.
 - new_chunks_are_fully_committed: 0.
 - uncommit_free_chunks: 1.
 - use_allocation_guard: 0.
 - handle_deallocations: 1.


Internal statistics:

num_allocs_failed_limit: 0.
num_arena_births: 82.
num_arena_deaths: 0.
num_vsnodes_births: 3.
num_vsnodes_deaths: 0.
num_space_committed: 153.
num_space_uncommitted: 0.
num_chunks_returned_to_freelist: 0.
num_chunks_taken_from_freelist: 325.
num_chunk_merges: 0.
num_chunk_splits: 206.
num_chunks_enlarged: 152.
num_purges: 0.
num_inconsistent_stats: 0.

CodeHeap 'non-profiled nmethods': size=120028Kb used=817Kb max_used=817Kb free=119211Kb
 bounds [0x00007f79ccc0e000, 0x00007f79cce7e000, 0x00007f79d4145000]
CodeHeap 'profiled nmethods': size=120028Kb used=2791Kb max_used=2791Kb free=117236Kb
 bounds [0x00007f79c56d7000, 0x00007f79c5997000, 0x00007f79ccc0e000]
CodeHeap 'non-nmethods': size=5704Kb used=1182Kb max_used=1244Kb free=4521Kb
 bounds [0x00007f79c5145000, 0x00007f79c53b5000, 0x00007f79c56d7000]
 total_blobs=2135 nmethods=1669 adapters=379
 compilation: enabled
              stopped_count=0, restarted_count=0
 full_count=0

Compilation events (20 events):
Event: 7.691 Thread 0x00007f79dc136db0 1660       3       io.github.spencerpark.jupyter.channels.ShellChannel$$Lambda$166/0x0000000800d1f888::run (16 bytes)
Event: 7.691 Thread 0x00007f79dc136db0 nmethod 1660 0x00007f79c5985e10 code [0x00007f79c5985fc0, 0x00007f79c5986100]
Event: 7.691 Thread 0x00007f79dc136db0 1661   !   3       io.github.spencerpark.jupyter.channels.ShellChannel::lambda$bind$0 (277 bytes)
Event: 7.692 Thread 0x00007f79dc136db0 nmethod 1661 0x00007f79c5986210 code [0x00007f79c59867e0, 0x00007f79c5989150]
Event: 9.170 Thread 0x00007f79dc136db0 1664       3       sun.nio.ch.EPollSelectorImpl::processEvents (132 bytes)
Event: 9.171 Thread 0x00007f79dc136db0 nmethod 1664 0x00007f79c598a290 code [0x00007f79c598a4e0, 0x00007f79c598afa0]
Event: 9.171 Thread 0x00007f79dc136db0 1662   !   3       sun.nio.ch.EPollSelectorImpl::processUpdateQueue (193 bytes)
Event: 9.171 Thread 0x00007f79dc136db0 nmethod 1662 0x00007f79c598b490 code [0x00007f79c598b720, 0x00007f79c598c600]
Event: 10.329 Thread 0x00007f79dc135880 1665       4       java.util.Collections$UnmodifiableCollection$1::hasNext (10 bytes)
Event: 10.330 Thread 0x00007f79dc135880 nmethod 1665 0x00007f79cccd9790 code [0x00007f79cccd9920, 0x00007f79cccd99b8]
Event: 10.362 Thread 0x00007f79dc136db0 1666       3       java.util.HashSet::clear (8 bytes)
Event: 10.362 Thread 0x00007f79dc136db0 nmethod 1666 0x00007f79c598cc90 code [0x00007f79c598ce40, 0x00007f79c598d000]
Event: 10.412 Thread 0x00007f79dc136db0 1667       3       zmq.socket.reqrep.Router::xhasIn (154 bytes)
Event: 10.413 Thread 0x00007f79dc136db0 nmethod 1667 0x00007f79c598d110 code [0x00007f79c598d360, 0x00007f79c598de00]
Event: 10.413 Thread 0x00007f79dc136db0 1668       3       sun.nio.ch.Util$2::clear (10 bytes)
Event: 10.413 Thread 0x00007f79dc136db0 nmethod 1668 0x00007f79c598e110 code [0x00007f79c598e2c0, 0x00007f79c598e480]
Event: 10.413 Thread 0x00007f79dc136db0 1669   !   3       java.util.concurrent.LinkedBlockingQueue::poll (99 bytes)
Event: 10.414 Thread 0x00007f79dc136db0 nmethod 1669 0x00007f79c598e590 code [0x00007f79c598e960, 0x00007f79c5990430]
Event: 11.487 Thread 0x00007f79dc135880 1671       4       java.util.concurrent.ConcurrentHashMap$Traverser::advance (188 bytes)
Event: 11.489 Thread 0x00007f79dc135880 nmethod 1671 0x00007f79cccd9e10 code [0x00007f79cccd9fa0, 0x00007f79cccda298]

GC Heap History (6 events):
Event: 1.035 GC heap before
{Heap before GC invocations=0 (full 0):
 garbage-first heap   total 129024K, used 23528K [0x0000000085a00000, 0x0000000100000000)
  region size 1024K, 23 young (23552K), 0 survivors (0K)
 Metaspace       used 7533K, committed 7680K, reserved 1056768K
  class space    used 909K, committed 960K, reserved 1048576K
}
Event: 1.042 GC heap after
{Heap after GC invocations=1 (full 0):
 garbage-first heap   total 129024K, used 6077K [0x0000000085a00000, 0x0000000100000000)
  region size 1024K, 3 young (3072K), 3 survivors (3072K)
 Metaspace       used 7533K, committed 7680K, reserved 1056768K
  class space    used 909K, committed 960K, reserved 1048576K
}
Event: 1.192 GC heap before
{Heap before GC invocations=1 (full 0):
 garbage-first heap   total 129024K, used 47037K [0x0000000085a00000, 0x0000000100000000)
  region size 1024K, 43 young (44032K), 3 survivors (3072K)
 Metaspace       used 8500K, committed 8704K, reserved 1056768K
  class space    used 1044K, committed 1152K, reserved 1048576K
}
Event: 1.203 GC heap after
{Heap after GC invocations=2 (full 0):
 garbage-first heap   total 129024K, used 12776K [0x0000000085a00000, 0x0000000100000000)
  region size 1024K, 6 young (6144K), 6 survivors (6144K)
 Metaspace       used 8500K, committed 8704K, reserved 1056768K
  class space    used 1044K, committed 1152K, reserved 1048576K
}
Event: 1.466 GC heap before
{Heap before GC invocations=2 (full 0):
 garbage-first heap   total 129024K, used 72168K [0x0000000085a00000, 0x0000000100000000)
  region size 1024K, 64 young (65536K), 6 survivors (6144K)
 Metaspace       used 9187K, committed 9408K, reserved 1056768K
  class space    used 1119K, committed 1216K, reserved 1048576K
}
Event: 1.484 GC heap after
{Heap after GC invocations=3 (full 0):
 garbage-first heap   total 129024K, used 22801K [0x0000000085a00000, 0x0000000100000000)
  region size 1024K, 8 young (8192K), 8 survivors (8192K)
 Metaspace       used 9187K, committed 9408K, reserved 1056768K
  class space    used 1119K, committed 1216K, reserved 1048576K
}

Dll operation events (8 events):
Event: 0.034 Loaded shared library /usr/lib/jvm/java-17-openjdk-amd64/lib/libjava.so
Event: 0.035 Loaded shared library /usr/lib/jvm/java-17-openjdk-amd64/lib/libzip.so
Event: 0.171 Loaded shared library /usr/lib/jvm/java-17-openjdk-amd64/lib/libjsvml.so
Event: 0.235 Loaded shared library /usr/lib/jvm/java-17-openjdk-amd64/lib/libnio.so
Event: 0.249 Loaded shared library /usr/lib/jvm/java-17-openjdk-amd64/lib/libzip.so
Event: 0.266 Loaded shared library /usr/lib/jvm/java-17-openjdk-amd64/lib/libjimage.so
Event: 0.348 Loaded shared library /usr/lib/jvm/java-17-openjdk-amd64/lib/libnet.so
Event: 0.646 Loaded shared library /usr/lib/jvm/java-17-openjdk-amd64/lib/libextnet.so

Deoptimization events (20 events):
Event: 1.433 Thread 0x00007f79dc3c8680 DEOPT PACKING pc=0x00007f79ccc4f3ac sp=0x00007f798baf7f70
Event: 1.433 Thread 0x00007f79dc3c8680 DEOPT UNPACKING pc=0x00007f79c519a519 sp=0x00007f798baf7ef0 mode 2
Event: 1.433 Thread 0x00007f79dc3c8680 Uncommon trap: trap_request=0xffffffde fr.pc=0x00007f79ccc8d600 relative=0x0000000000000ca0
Event: 1.433 Thread 0x00007f79dc3c8680 Uncommon trap: reason=class_check action=maybe_recompile pc=0x00007f79ccc8d600 method=java.nio.file.FileTreeWalker.next()Ljava/nio/file/FileTreeWalker$Event; @ 37 c2
Event: 1.433 Thread 0x00007f79dc3c8680 DEOPT PACKING pc=0x00007f79ccc8d600 sp=0x00007f798baf8230
Event: 1.433 Thread 0x00007f79dc3c8680 DEOPT UNPACKING pc=0x00007f79c519a519 sp=0x00007f798baf81f0 mode 2
Event: 1.433 Thread 0x00007f79dc3c8680 Uncommon trap: trap_request=0xffffffde fr.pc=0x00007f79ccc8d600 relative=0x0000000000000ca0
Event: 1.433 Thread 0x00007f79dc3c8680 Uncommon trap: reason=class_check action=maybe_recompile pc=0x00007f79ccc8d600 method=java.nio.file.FileTreeWalker.next()Ljava/nio/file/FileTreeWalker$Event; @ 37 c2
Event: 1.433 Thread 0x00007f79dc3c8680 DEOPT PACKING pc=0x00007f79ccc8d600 sp=0x00007f798baf8230
Event: 1.433 Thread 0x00007f79dc3c8680 DEOPT UNPACKING pc=0x00007f79c519a519 sp=0x00007f798baf81f0 mode 2
Event: 1.433 Thread 0x00007f79dc3c8680 Uncommon trap: trap_request=0xffffffde fr.pc=0x00007f79ccc8d600 relative=0x0000000000000ca0
Event: 1.433 Thread 0x00007f79dc3c8680 Uncommon trap: reason=class_check action=maybe_recompile pc=0x00007f79ccc8d600 method=java.nio.file.FileTreeWalker.next()Ljava/nio/file/FileTreeWalker$Event; @ 37 c2
Event: 1.433 Thread 0x00007f79dc3c8680 DEOPT PACKING pc=0x00007f79ccc8d600 sp=0x00007f798baf8230
Event: 1.433 Thread 0x00007f79dc3c8680 DEOPT UNPACKING pc=0x00007f79c519a519 sp=0x00007f798baf81f0 mode 2
Event: 1.455 Thread 0x00007f79dc3c8680 DEOPT PACKING pc=0x00007f79c590f5ee sp=0x00007f798baf80e0
Event: 1.455 Thread 0x00007f79dc3c8680 DEOPT UNPACKING pc=0x00007f79c519b04f sp=0x00007f798baf7588 mode 0
Event: 1.459 Thread 0x00007f79dc3c8680 DEOPT PACKING pc=0x00007f79c590997b sp=0x00007f798baf80a0
Event: 1.459 Thread 0x00007f79dc3c8680 DEOPT UNPACKING pc=0x00007f79c519b04f sp=0x00007f798baf7588 mode 0
Event: 1.459 Thread 0x00007f79dc3c8680 DEOPT PACKING pc=0x00007f79c5911a8d sp=0x00007f798baf7e30
Event: 1.459 Thread 0x00007f79dc3c8680 DEOPT UNPACKING pc=0x00007f79c519b04f sp=0x00007f798baf72e8 mode 0

Classes unloaded (0 events):
No events

Classes redefined (0 events):
No events

Internal exceptions (20 events):
Event: 0.562 Thread 0x00007f79dc013c80 Exception <a 'java/lang/NoSuchMethodError'{0x000000008d15f878}: 'java.lang.Object java.lang.invoke.DirectMethodHandle$Holder.invokeStaticInit(java.lang.Object)'> (0x000000008d15f878) 
thrown [src/hotspot/share/interpreter/linkResolver.cpp, line 758]
Event: 0.678 Thread 0x00007f79dc013c80 Exception <a 'java/lang/NoSuchMethodError'{0x000000008cfd70f0}: 'int java.lang.invoke.DirectMethodHandle$Holder.invokeStatic(java.lang.Object, java.lang.Object, int)'> (0x000000008cfd70f0) 
thrown [src/hotspot/share/interpreter/linkResolver.cpp, line 758]
Event: 0.700 Thread 0x00007f79dc013c80 Exception <a 'java/lang/NoSuchMethodError'{0x000000008ce32c50}: 'void java.lang.invoke.DirectMethodHandle$Holder.invokeSpecial(java.lang.Object, java.lang.Object, int)'> (0x000000008ce32c50) 
thrown [src/hotspot/share/interpreter/linkResolver.cpp, line 758]
Event: 0.702 Thread 0x00007f79dc013c80 Exception <a 'java/lang/NoSuchMethodError'{0x000000008ce47000}: 'void java.lang.invoke.DirectMethodHandle$Holder.invokeStatic(java.lang.Object, java.lang.Object, java.lang.Object)'> (0x000000008ce47000) 
thrown [src/hotspot/share/interpreter/linkResolver.cpp, line 758]
Event: 0.842 Thread 0x00007f79dc013c80 Exception <a 'java/lang/NoSuchMethodError'{0x000000008cd7abb0}: 'void java.lang.invoke.DirectMethodHandle$Holder.invokeSpecial(java.lang.Object, java.lang.Object, java.lang.Object)'> (0x000000008cd7abb0) 
thrown [src/hotspot/share/interpreter/linkResolver.cpp, line 758]
Event: 0.867 Thread 0x00007f79dc013c80 Exception <a 'java/lang/NoSuchMethodError'{0x000000008cdcd7d0}: 'int java.lang.invoke.DirectMethodHandle$Holder.invokeSpecialIFC(java.lang.Object, java.lang.Object, java.lang.Object)'> (0x000000008cdcd7d0) 
thrown [src/hotspot/share/interpreter/linkResolver.cpp, line 758]
Event: 0.872 Thread 0x00007f79dc013c80 Exception <a 'java/lang/NoSuchMethodError'{0x000000008cdec4a8}: 'int java.lang.invoke.DirectMethodHandle$Holder.invokeSpecial(java.lang.Object, java.lang.Object, java.lang.Object)'> (0x000000008cdec4a8) 
thrown [src/hotspot/share/interpreter/linkResolver.cpp, line 758]
Event: 0.890 Thread 0x00007f79dc013c80 Exception <a 'java/lang/NoSuchMethodError'{0x000000008cc5eec0}: 'java.lang.Object java.lang.invoke.DirectMethodHandle$Holder.newInvokeSpecial(java.lang.Object, java.lang.Object, int)'> (0x000000008cc5eec0) 
thrown [src/hotspot/share/interpreter/linkResolver.cpp, line 758]
Event: 0.895 Thread 0x00007f79dc3c8680 Exception <a 'java/lang/NoSuchMethodError'{0x000000008cc77e70}: 'java.lang.Object java.lang.invoke.DirectMethodHandle$Holder.invokeVirtual(java.lang.Object, java.lang.Object, java.lang.Object)'> (0x000000008cc77e70) 
thrown [src/hotspot/share/interpreter/linkResolver.cpp, line 758]
Event: 0.896 Thread 0x00007f79dc3c8680 Exception <a 'java/lang/NoSuchMethodError'{0x000000008cc81eb8}: 'int java.lang.invoke.DirectMethodHandle$Holder.invokeInterface(java.lang.Object, java.lang.Object)'> (0x000000008cc81eb8) 
thrown [src/hotspot/share/interpreter/linkResolver.cpp, line 758]
Event: 1.065 Thread 0x00007f79dc013c80 Exception <a 'java/lang/NoSuchMethodError'{0x000000008d45e498}: 'void java.lang.invoke.DirectMethodHandle$Holder.invokeSpecial(java.lang.Object, java.lang.Object, java.lang.Object, java.lang.Object, java.lang.Object)'> (0x000000008d45e498) 
thrown [src/hotspot/share/interpreter/linkResolver.cpp, line 758]
Event: 1.089 Thread 0x00007f79dc013c80 Exception <a 'java/lang/NoSuchMethodError'{0x000000008cff1da0}: 'void java.lang.invoke.DirectMethodHandle$Holder.invokeVirtual(java.lang.Object, java.lang.Object, java.lang.Object, java.lang.Object)'> (0x000000008cff1da0) 
thrown [src/hotspot/share/interpreter/linkResolver.cpp, line 758]
Event: 1.128 Thread 0x00007f79dc013c80 Exception <a 'java/lang/NoSuchMethodError'{0x000000008cac2750}: 'long java.lang.invoke.DirectMethodHandle$Holder.invokeStatic(java.lang.Object, java.lang.Object, long)'> (0x000000008cac2750) 
thrown [src/hotspot/share/interpreter/linkResolver.cpp, line 758]
Event: 1.129 Thread 0x00007f79dc013c80 Exception <a 'java/lang/NoSuchMethodError'{0x000000008cac8880}: 'java.lang.Object java.lang.invoke.DirectMethodHandle$Holder.newInvokeSpecial(java.lang.Object, java.lang.Object, long)'> (0x000000008cac8880) 
thrown [src/hotspot/share/interpreter/linkResolver.cpp, line 758]
Event: 1.129 Thread 0x00007f79dc013c80 Exception <a 'java/lang/NoSuchMethodError'{0x000000008cacc148}: 'java.lang.Object java.lang.invoke.Invokers$Holder.linkToTargetMethod(java.lang.Object, long, java.lang.Object)'> (0x000000008cacc148) 
thrown [src/hotspot/share/interpreter/linkResolver.cpp, line 758]
Event: 1.168 Thread 0x00007f79dc013c80 Exception <a 'java/lang/NoSuchMethodError'{0x000000008b221298}: 'java.lang.Object java.lang.invoke.DirectMethodHandle$Holder.invokeStatic(java.lang.Object, int, java.lang.Object)'> (0x000000008b221298) 
thrown [src/hotspot/share/interpreter/linkResolver.cpp, line 758]
Event: 1.190 Thread 0x00007f79dc013c80 Exception <a 'java/lang/ClassNotFoundException'{0x000000008b25efd0}: sun/util/logging/resources/spi/loggingProvider> (0x000000008b25efd0) 
thrown [src/hotspot/share/classfile/systemDictionary.cpp, line 256]
Event: 1.320 Thread 0x00007f79dc013c80 Exception <a 'java/lang/NoSuchMethodError'{0x000000008d547558}: 'void java.lang.invoke.DirectMethodHandle$Holder.invokeVirtual(java.lang.Object, java.lang.Object)'> (0x000000008d547558) 
thrown [src/hotspot/share/interpreter/linkResolver.cpp, line 758]
Event: 1.458 Thread 0x00007f79dc281620 Exception <a 'sun/net/ConnectionResetException'{0x000000008bcc2e60}: Connection reset> (0x000000008bcc2e60) 
thrown [src/hotspot/share/prims/jni.cpp, line 535]
Event: 14.289 Thread 0x00007f79dc4cc8d0 Exception <a 'java/lang/InstantiationException'{0x000000008d519380}> (0x000000008d519380) 
thrown [src/hotspot/share/oops/instanceKlass.inline.hpp, line 192]

VM Operations (20 events):
Event: 1.013 Executing VM operation: ICBufferFull
Event: 1.014 Executing VM operation: ICBufferFull done
Event: 1.035 Executing VM operation: G1CollectForAllocation
Event: 1.043 Executing VM operation: G1CollectForAllocation done
Event: 1.192 Executing VM operation: G1CollectForAllocation
Event: 1.203 Executing VM operation: G1CollectForAllocation done
Event: 1.466 Executing VM operation: G1CollectForAllocation
Event: 1.484 Executing VM operation: G1CollectForAllocation done
Event: 2.484 Executing VM operation: Cleanup
Event: 2.484 Executing VM operation: Cleanup done
Event: 4.485 Executing VM operation: Cleanup
Event: 4.485 Executing VM operation: Cleanup done
Event: 5.485 Executing VM operation: Cleanup
Event: 5.486 Executing VM operation: Cleanup done
Event: 7.486 Executing VM operation: Cleanup
Event: 7.486 Executing VM operation: Cleanup done
Event: 8.486 Executing VM operation: Cleanup
Event: 8.487 Executing VM operation: Cleanup done
Event: 10.487 Executing VM operation: Cleanup
Event: 10.488 Executing VM operation: Cleanup done

Events (20 events):
Event: 1.543 loading class jdk/internal/reflect/Label
Event: 1.543 loading class jdk/internal/reflect/Label done
Event: 1.543 loading class jdk/internal/reflect/Label$PatchInfo
Event: 1.543 loading class jdk/internal/reflect/Label$PatchInfo done
Event: 1.543 loading class jdk/internal/reflect/MethodAccessorGenerator$1
Event: 1.543 loading class jdk/internal/reflect/MethodAccessorGenerator$1 done
Event: 1.543 loading class jdk/internal/reflect/ClassDefiner
Event: 1.543 loading class jdk/internal/reflect/ClassDefiner done
Event: 1.543 loading class jdk/internal/reflect/ClassDefiner$1
Event: 1.543 loading class jdk/internal/reflect/ClassDefiner$1 done
Event: 1.543 loading class jdk/internal/reflect/BootstrapConstructorAccessorImpl
Event: 1.543 loading class jdk/internal/reflect/BootstrapConstructorAccessorImpl done
Event: 1.544 loading class sun/reflect/generics/repository/FieldRepository
Event: 1.544 loading class sun/reflect/generics/repository/FieldRepository done
Event: 1.544 loading class sun/reflect/misc/ReflectUtil
Event: 1.545 loading class sun/reflect/misc/ReflectUtil done
Event: 1.545 loading class com/google/gson/internal/ConstructorConstructor$8
Event: 1.545 loading class com/google/gson/internal/ConstructorConstructor$8 done
Event: 1.887 Thread 0x00007f7984211120 Thread exited: 0x00007f7984211120
Event: 1.887 Thread 0x00007f79841da840 Thread exited: 0x00007f79841da840


Dynamic libraries:
85a00000-8d600000 rw-p 00000000 00:00 0 
8d600000-ffe00000 ---p 00000000 00:00 0 
ffe00000-ffe77000 rw-p 00c9f000 08:20 255608                             /usr/lib/jvm/java-17-openjdk-amd64/lib/server/classes.jsa
ffe77000-fff00000 rw-p 00000000 00:00 0 
fff00000-fff83000 rw-p 00c1c000 08:20 255608                             /usr/lib/jvm/java-17-openjdk-amd64/lib/server/classes.jsa
fff83000-100000000 rw-p 00000000 00:00 0 
800000000-800459000 rw-p 00001000 08:20 255608                           /usr/lib/jvm/java-17-openjdk-amd64/lib/server/classes.jsa
800459000-800be3000 r--p 0045a000 08:20 255608                           /usr/lib/jvm/java-17-openjdk-amd64/lib/server/classes.jsa
800be3000-800c00000 ---p 00000000 00:00 0 
800c00000-800c40000 rw-p 00000000 00:00 0 
800c40000-800cc0000 rw-p 00000000 00:00 0 
800cc0000-800d00000 rw-p 00000000 00:00 0 
800d00000-800d40000 rw-p 00000000 00:00 0 
800d40000-840c00000 ---p 00000000 00:00 0 
55fa7d38e000-55fa7d38f000 r--p 00000000 08:20 255456                     /usr/lib/jvm/java-17-openjdk-amd64/bin/java
55fa7d38f000-55fa7d390000 r-xp 00001000 08:20 255456                     /usr/lib/jvm/java-17-openjdk-amd64/bin/java
55fa7d390000-55fa7d391000 r--p 00002000 08:20 255456                     /usr/lib/jvm/java-17-openjdk-amd64/bin/java
55fa7d391000-55fa7d392000 r--p 00002000 08:20 255456                     /usr/lib/jvm/java-17-openjdk-amd64/bin/java
55fa7d392000-55fa7d393000 rw-p 00003000 08:20 255456                     /usr/lib/jvm/java-17-openjdk-amd64/bin/java
55fa7debb000-55fa7df01000 rw-p 00000000 00:00 0                          [heap]
7f792c000000-7f792c021000 rw-p 00000000 00:00 0 
7f792c021000-7f7930000000 ---p 00000000 00:00 0 
7f7934000000-7f7934021000 rw-p 00000000 00:00 0 
7f7934021000-7f7938000000 ---p 00000000 00:00 0 
7f7938000000-7f7938021000 rw-p 00000000 00:00 0 
7f7938021000-7f793c000000 ---p 00000000 00:00 0 
7f793c000000-7f793c021000 rw-p 00000000 00:00 0 
7f793c021000-7f7940000000 ---p 00000000 00:00 0 
7f7940000000-7f7940021000 rw-p 00000000 00:00 0 
7f7940021000-7f7944000000 ---p 00000000 00:00 0 
7f7944000000-7f7944021000 rw-p 00000000 00:00 0 
7f7944021000-7f7948000000 ---p 00000000 00:00 0 
7f7948000000-7f7948021000 rw-p 00000000 00:00 0 
7f7948021000-7f794c000000 ---p 00000000 00:00 0 
7f794c000000-7f794c021000 rw-p 00000000 00:00 0 
7f794c021000-7f7950000000 ---p 00000000 00:00 0 
7f7950000000-7f7950021000 rw-p 00000000 00:00 0 
7f7950021000-7f7954000000 ---p 00000000 00:00 0 
7f7954000000-7f7954021000 rw-p 00000000 00:00 0 
7f7954021000-7f7958000000 ---p 00000000 00:00 0 
7f7958000000-7f7958021000 rw-p 00000000 00:00 0 
7f7958021000-7f795c000000 ---p 00000000 00:00 0 
7f795c000000-7f795c816000 rw-p 00000000 00:00 0 
7f795c816000-7f7960000000 ---p 00000000 00:00 0 
7f7960000000-7f7960021000 rw-p 00000000 00:00 0 
7f7960021000-7f7964000000 ---p 00000000 00:00 0 
7f7964000000-7f796402b000 rw-p 00000000 00:00 0 
7f796402b000-7f7968000000 ---p 00000000 00:00 0 
7f7968000000-7f7968b0f000 rw-p 00000000 00:00 0 
7f7968b0f000-7f796c000000 ---p 00000000 00:00 0 
7f796c000000-7f796c070000 rw-p 00000000 00:00 0 
7f796c070000-7f7970000000 ---p 00000000 00:00 0 
7f7970000000-7f7970021000 rw-p 00000000 00:00 0 
7f7970021000-7f7974000000 ---p 00000000 00:00 0 
7f7974000000-7f7974021000 rw-p 00000000 00:00 0 
7f7974021000-7f7978000000 ---p 00000000 00:00 0 
7f7978000000-7f7978021000 rw-p 00000000 00:00 0 
7f7978021000-7f797c000000 ---p 00000000 00:00 0 
7f797c000000-7f797c021000 rw-p 00000000 00:00 0 
7f797c021000-7f7980000000 ---p 00000000 00:00 0 
7f7980000000-7f7980021000 rw-p 00000000 00:00 0 
7f7980021000-7f7984000000 ---p 00000000 00:00 0 
7f7984000000-7f798435c000 rw-p 00000000 00:00 0 
7f798435c000-7f7988000000 ---p 00000000 00:00 0 
7f798a000000-7f798a020000 rw-p 00000000 00:00 0 
7f798a020000-7f798a100000 ---p 00000000 00:00 0 
7f798a100000-7f798a130000 rw-p 00000000 00:00 0 
7f798a130000-7f798a800000 ---p 00000000 00:00 0 
7f798a90f000-7f798a910000 ---p 00000000 00:00 0 
7f798a910000-7f798aa11000 rw-p 00000000 00:00 0 
7f798aa11000-7f798aa12000 ---p 00000000 00:00 0 
7f798aa12000-7f798ab13000 rw-p 00000000 00:00 0 
7f798ab13000-7f798ab17000 ---p 00000000 00:00 0 
7f798ab17000-7f798ac14000 rw-p 00000000 00:00 0 
7f798ac14000-7f798ac15000 ---p 00000000 00:00 0 
7f798ac15000-7f798ad16000 rw-p 00000000 00:00 0 
7f798ad41000-7f798ad45000 ---p 00000000 00:00 0 
7f798ad45000-7f798ae42000 rw-p 00000000 00:00 0 
7f798ae42000-7f798ae46000 ---p 00000000 00:00 0 
7f798ae46000-7f798af43000 rw-p 00000000 00:00 0 
7f798af43000-7f798af44000 ---p 00000000 00:00 0 
7f798af44000-7f798b045000 rw-p 00000000 00:00 0 
7f798b045000-7f798b046000 ---p 00000000 00:00 0 
7f798b046000-7f798b147000 rw-p 00000000 00:00 0 
7f798b147000-7f798b148000 ---p 00000000 00:00 0 
7f798b148000-7f798b249000 rw-p 00000000 00:00 0 
7f798b249000-7f798b24a000 ---p 00000000 00:00 0 
7f798b24a000-7f798b34b000 rw-p 00000000 00:00 0 
7f798b34b000-7f798b34c000 ---p 00000000 00:00 0 
7f798b34c000-7f798b44d000 rw-p 00000000 00:00 0 
7f798b44d000-7f798b44e000 ---p 00000000 00:00 0 
7f798b44e000-7f798b54f000 rw-p 00000000 00:00 0 
7f798b5f5000-7f798b5f9000 ---p 00000000 00:00 0 
7f798b5f9000-7f798b6f6000 rw-p 00000000 00:00 0 
7f798b6f6000-7f798b6fa000 ---p 00000000 00:00 0 
7f798b6fa000-7f798b7f7000 rw-p 00000000 00:00 0 
7f798b7f7000-7f798b7fb000 ---p 00000000 00:00 0 
7f798b7fb000-7f798b8f8000 rw-p 00000000 00:00 0 
7f798b8f8000-7f798b8fc000 ---p 00000000 00:00 0 
7f798b8fc000-7f798b9f9000 rw-p 00000000 00:00 0 
7f798b9f9000-7f798b9fd000 ---p 00000000 00:00 0 
7f798b9fd000-7f798bafa000 rw-p 00000000 00:00 0 
7f798bafa000-7f798bafe000 ---p 00000000 00:00 0 
7f798bafe000-7f798bbfb000 rw-p 00000000 00:00 0 
7f798bbfb000-7f798bbfc000 ---p 00000000 00:00 0 
7f798bbfc000-7f798bcfd000 rw-p 00000000 00:00 0 
7f798bcfd000-7f798bd01000 ---p 00000000 00:00 0 
7f798bd01000-7f798bdfe000 rw-p 00000000 00:00 0 
7f798bdfe000-7f798be02000 ---p 00000000 00:00 0 
7f798be02000-7f798beff000 rw-p 00000000 00:00 0 
7f798beff000-7f798bf03000 ---p 00000000 00:00 0 
7f798bf03000-7f798c000000 rw-p 00000000 00:00 0 
7f798c000000-7f798c021000 rw-p 00000000 00:00 0 
7f798c021000-7f7990000000 ---p 00000000 00:00 0 
7f7990000000-7f7990977000 rw-p 00000000 00:00 0 
7f7990977000-7f7994000000 ---p 00000000 00:00 0 
7f7994000000-7f7994021000 rw-p 00000000 00:00 0 
7f7994021000-7f7998000000 ---p 00000000 00:00 0 
7f7998000000-7f7998021000 rw-p 00000000 00:00 0 
7f7998021000-7f799c000000 ---p 00000000 00:00 0 
7f799c000000-7f799c021000 rw-p 00000000 00:00 0 
7f799c021000-7f79a0000000 ---p 00000000 00:00 0 
7f79a0000000-7f79a0021000 rw-p 00000000 00:00 0 
7f79a0021000-7f79a4000000 ---p 00000000 00:00 0 
7f79a4000000-7f79a4021000 rw-p 00000000 00:00 0 
7f79a4021000-7f79a8000000 ---p 00000000 00:00 0 
7f79a8000000-7f79a8021000 rw-p 00000000 00:00 0 
7f79a8021000-7f79ac000000 ---p 00000000 00:00 0 
7f79ac000000-7f79ac021000 rw-p 00000000 00:00 0 
7f79ac021000-7f79b0000000 ---p 00000000 00:00 0 
7f79b009f000-7f79b00a3000 ---p 00000000 00:00 0 
7f79b00a3000-7f79b01a0000 rw-p 00000000 00:00 0 
7f79b01a0000-7f79b01a4000 ---p 00000000 00:00 0 
7f79b01a4000-7f79b02a1000 rw-p 00000000 00:00 0 
7f79b02a1000-7f79b02a5000 ---p 00000000 00:00 0 
7f79b02a5000-7f79b03a2000 rw-p 00000000 00:00 0 
7f79b03a2000-7f79b03a6000 ---p 00000000 00:00 0 
7f79b03a6000-7f79b04a3000 rw-p 00000000 00:00 0 
7f79b04a3000-7f79b0616000 r--p 00000000 08:20 20355                      /usr/lib/locale/C.UTF-8/LC_COLLATE
7f79b0616000-7f79b08fc000 r--p 00000000 08:20 4196                       /usr/lib/locale/locale-archive
7f79b08fc000-7f79b0900000 ---p 00000000 00:00 0 
7f79b0900000-7f79b09fd000 rw-p 00000000 00:00 0 
7f79b09fd000-7f79b0a01000 ---p 00000000 00:00 0 
7f79b0a01000-7f79b0afe000 rw-p 00000000 00:00 0 
7f79b0afe000-7f79b0aff000 ---p 00000000 00:00 0 
7f79b0aff000-7f79b1000000 rw-p 00000000 00:00 0 
7f79b1000000-7f79b1400000 rw-p 00000000 00:00 0 
7f79b1447000-7f79b144c000 r--p 00000000 08:20 255590                     /usr/lib/jvm/java-17-openjdk-amd64/lib/libjsvml.so
7f79b144c000-7f79b148d000 r-xp 00005000 08:20 255590                     /usr/lib/jvm/java-17-openjdk-amd64/lib/libjsvml.so
7f79b148d000-7f79b1516000 r--p 00046000 08:20 255590                     /usr/lib/jvm/java-17-openjdk-amd64/lib/libjsvml.so
7f79b1516000-7f79b1517000 r--p 000ce000 08:20 255590                     /usr/lib/jvm/java-17-openjdk-amd64/lib/libjsvml.so
7f79b1517000-7f79b1518000 rw-p 000cf000 08:20 255590                     /usr/lib/jvm/java-17-openjdk-amd64/lib/libjsvml.so
7f79b1518000-7f79b15f4000 rw-p 00000000 00:00 0 
7f79b15f4000-7f79b15f5000 ---p 00000000 00:00 0 
7f79b15f5000-7f79b16f6000 rw-p 00000000 00:00 0 
7f79b16f6000-7f79b16f7000 ---p 00000000 00:00 0 
7f79b16f7000-7f79b4000000 rw-p 00000000 00:00 0 
7f79b4000000-7f79b4021000 rw-p 00000000 00:00 0 
7f79b4021000-7f79b8000000 ---p 00000000 00:00 0 
7f79b8000000-7f79b8021000 rw-p 00000000 00:00 0 
7f79b8021000-7f79bc000000 ---p 00000000 00:00 0 
7f79bc000000-7f79bc021000 rw-p 00000000 00:00 0 
7f79bc021000-7f79c0000000 ---p 00000000 00:00 0 
7f79c0006000-7f79c000a000 r--p 00000000 08:20 255596                     /usr/lib/jvm/java-17-openjdk-amd64/lib/libnet.so
7f79c000a000-7f79c0018000 r-xp 00004000 08:20 255596                     /usr/lib/jvm/java-17-openjdk-amd64/lib/libnet.so
7f79c0018000-7f79c001c000 r--p 00012000 08:20 255596                     /usr/lib/jvm/java-17-openjdk-amd64/lib/libnet.so
7f79c001c000-7f79c001d000 r--p 00015000 08:20 255596                     /usr/lib/jvm/java-17-openjdk-amd64/lib/libnet.so
7f79c001d000-7f79c001e000 rw-p 00016000 08:20 255596                     /usr/lib/jvm/java-17-openjdk-amd64/lib/libnet.so
7f79c001e000-7f79c0050000 r--p 00000000 08:20 20356                      /usr/lib/locale/C.UTF-8/LC_CTYPE
7f79c0050000-7f79c0091000 rw-p 00000000 00:00 0 
7f79c0091000-7f79c0092000 ---p 00000000 00:00 0 
7f79c0092000-7f79c0193000 rw-p 00000000 00:00 0 
7f79c0193000-7f79c0194000 ---p 00000000 00:00 0 
7f79c0194000-7f79c0295000 rw-p 00000000 00:00 0 
7f79c0295000-7f79c0296000 ---p 00000000 00:00 0 
7f79c0296000-7f79c0587000 rw-p 00000000 00:00 0 
7f79c0587000-7f79c2227000 ---p 00000000 00:00 0 
7f79c2227000-7f79c241f000 rw-p 00000000 00:00 0 
7f79c241f000-7f79c40bf000 ---p 00000000 00:00 0 
7f79c40bf000-7f79c4105000 rw-p 00000000 00:00 0 
7f79c4105000-7f79c4499000 ---p 00000000 00:00 0 
7f79c4499000-7f79c44d8000 rw-p 00000000 00:00 0 
7f79c44d8000-7f79c486c000 ---p 00000000 00:00 0 
7f79c486c000-7f79c48ab000 rw-p 00000000 00:00 0 
7f79c48ab000-7f79c4c3f000 ---p 00000000 00:00 0 
7f79c4c3f000-7f79c5145000 rw-p 00000000 00:00 0 
7f79c5145000-7f79c53b5000 rwxp 00000000 00:00 0 
7f79c53b5000-7f79c56d7000 ---p 00000000 00:00 0 
7f79c56d7000-7f79c5997000 rwxp 00000000 00:00 0 
7f79c5997000-7f79ccc0e000 ---p 00000000 00:00 0 
7f79ccc0e000-7f79cce7e000 rwxp 00000000 00:00 0 
7f79cce7e000-7f79d4145000 ---p 00000000 00:00 0 
7f79d4145000-7f79dc000000 r--s 00000000 08:20 255605                     /usr/lib/jvm/java-17-openjdk-amd64/lib/modules
7f79dc000000-7f79dc4d2000 rw-p 00000000 00:00 0 
7f79dc4d2000-7f79e0000000 ---p 00000000 00:00 0 
7f79e000e000-7f79e000f000 r--p 00000000 08:20 255576                     /usr/lib/jvm/java-17-openjdk-amd64/lib/libextnet.so
7f79e000f000-7f79e0010000 r-xp 00001000 08:20 255576                     /usr/lib/jvm/java-17-openjdk-amd64/lib/libextnet.so
7f79e0010000-7f79e0011000 r--p 00002000 08:20 255576                     /usr/lib/jvm/java-17-openjdk-amd64/lib/libextnet.so
7f79e0011000-7f79e0012000 r--p 00002000 08:20 255576                     /usr/lib/jvm/java-17-openjdk-amd64/lib/libextnet.so
7f79e0012000-7f79e0013000 rw-p 00003000 08:20 255576                     /usr/lib/jvm/java-17-openjdk-amd64/lib/libextnet.so
7f79e0013000-7f79e0019000 r--p 00000000 08:20 255597                     /usr/lib/jvm/java-17-openjdk-amd64/lib/libnio.so
7f79e0019000-7f79e0022000 r-xp 00006000 08:20 255597                     /usr/lib/jvm/java-17-openjdk-amd64/lib/libnio.so
7f79e0022000-7f79e0026000 r--p 0000f000 08:20 255597                     /usr/lib/jvm/java-17-openjdk-amd64/lib/libnio.so
7f79e0026000-7f79e0027000 ---p 00013000 08:20 255597                     /usr/lib/jvm/java-17-openjdk-amd64/lib/libnio.so
7f79e0027000-7f79e0028000 r--p 00013000 08:20 255597                     /usr/lib/jvm/java-17-openjdk-amd64/lib/libnio.so
7f79e0028000-7f79e0029000 rw-p 00014000 08:20 255597                     /usr/lib/jvm/java-17-openjdk-amd64/lib/libnio.so
7f79e0029000-7f79e002a000 r--p 00000000 08:20 20362                      /usr/lib/locale/C.UTF-8/LC_NUMERIC
7f79e002a000-7f79e002b000 r--p 00000000 08:20 20365                      /usr/lib/locale/C.UTF-8/LC_TIME
7f79e002b000-7f79e002c000 r--p 00000000 08:20 20360                      /usr/lib/locale/C.UTF-8/LC_MONETARY
7f79e002c000-7f79e002d000 r--p 00000000 08:20 20359                      /usr/lib/locale/C.UTF-8/LC_MESSAGES/SYS_LC_MESSAGES
7f79e002d000-7f79e002e000 r--p 00000000 08:20 20363                      /usr/lib/locale/C.UTF-8/LC_PAPER
7f79e002e000-7f79e002f000 r--p 00000000 08:20 20361                      /usr/lib/locale/C.UTF-8/LC_NAME
7f79e002f000-7f79e0030000 r--p 00000000 08:20 20354                      /usr/lib/locale/C.UTF-8/LC_ADDRESS
7f79e0030000-7f79e0031000 r--p 00000000 08:20 20364                      /usr/lib/locale/C.UTF-8/LC_TELEPHONE
7f79e0031000-7f79e0032000 r--p 00000000 08:20 20358                      /usr/lib/locale/C.UTF-8/LC_MEASUREMENT
7f79e0032000-7f79e0039000 r--s 00000000 08:20 194231                     /usr/lib/x86_64-linux-gnu/gconv/gconv-modules.cache
7f79e0039000-7f79e03c0000 rw-p 00000000 00:00 0 
7f79e03c0000-7f79e04a6000 ---p 00000000 00:00 0 
7f79e04a6000-7f79e04ac000 rw-p 00000000 00:00 0 
7f79e04ac000-7f79e0591000 ---p 00000000 00:00 0 
7f79e0591000-7f79e0596000 rw-p 00000000 00:00 0 
7f79e0596000-7f79e059d000 ---p 00000000 00:00 0 
7f79e059d000-7f79e059f000 r--p 00000000 08:20 255604                     /usr/lib/jvm/java-17-openjdk-amd64/lib/libzip.so
7f79e059f000-7f79e05a4000 r-xp 00002000 08:20 255604                     /usr/lib/jvm/java-17-openjdk-amd64/lib/libzip.so
7f79e05a4000-7f79e05a6000 r--p 00007000 08:20 255604                     /usr/lib/jvm/java-17-openjdk-amd64/lib/libzip.so
7f79e05a6000-7f79e05a7000 r--p 00008000 08:20 255604                     /usr/lib/jvm/java-17-openjdk-amd64/lib/libzip.so
7f79e05a7000-7f79e05a8000 rw-p 00009000 08:20 255604                     /usr/lib/jvm/java-17-openjdk-amd64/lib/libzip.so
7f79e05a8000-7f79e05b4000 r--p 00000000 08:20 255583                     /usr/lib/jvm/java-17-openjdk-amd64/lib/libjava.so
7f79e05b4000-7f79e05c7000 r-xp 0000c000 08:20 255583                     /usr/lib/jvm/java-17-openjdk-amd64/lib/libjava.so
7f79e05c7000-7f79e05cd000 r--p 0001f000 08:20 255583                     /usr/lib/jvm/java-17-openjdk-amd64/lib/libjava.so
7f79e05cd000-7f79e05ce000 ---p 00025000 08:20 255583                     /usr/lib/jvm/java-17-openjdk-amd64/lib/libjava.so
7f79e05ce000-7f79e05cf000 r--p 00025000 08:20 255583                     /usr/lib/jvm/java-17-openjdk-amd64/lib/libjava.so
7f79e05cf000-7f79e05d0000 rw-p 00026000 08:20 255583                     /usr/lib/jvm/java-17-openjdk-amd64/lib/libjava.so
7f79e05d0000-7f79e05d1000 rw-p 00000000 00:00 0 
7f79e05d1000-7f79e05d4000 r--p 00000000 08:20 37895                      /usr/lib/x86_64-linux-gnu/libnss_files-2.31.so
7f79e05d4000-7f79e05db000 r-xp 00003000 08:20 37895                      /usr/lib/x86_64-linux-gnu/libnss_files-2.31.so
7f79e05db000-7f79e05dd000 r--p 0000a000 08:20 37895                      /usr/lib/x86_64-linux-gnu/libnss_files-2.31.so
7f79e05dd000-7f79e05de000 r--p 0000b000 08:20 37895                      /usr/lib/x86_64-linux-gnu/libnss_files-2.31.so
7f79e05de000-7f79e05df000 rw-p 0000c000 08:20 37895                      /usr/lib/x86_64-linux-gnu/libnss_files-2.31.so
7f79e05df000-7f79e05e5000 rw-p 00000000 00:00 0 
7f79e05e5000-7f79e05e7000 r--s 0000c000 08:20 203437                     /usr/share/java/java-atk-wrapper.jar
7f79e05e7000-7f79e05ef000 rw-s 00000000 08:20 233115                     /tmp/hsperfdata_nathanshih04/431
7f79e05ef000-7f79e05f0000 ---p 00000000 00:00 0 
7f79e05f0000-7f79e05f1000 r--p 00000000 00:00 0 
7f79e05f1000-7f79e05f5000 ---p 00000000 00:00 0 
7f79e05f5000-7f79e06f2000 rw-p 00000000 00:00 0 
7f79e06f2000-7f79e06f5000 r--p 00000000 08:20 15714                      /usr/lib/x86_64-linux-gnu/libgcc_s.so.1
7f79e06f5000-7f79e0707000 r-xp 00003000 08:20 15714                      /usr/lib/x86_64-linux-gnu/libgcc_s.so.1
7f79e0707000-7f79e070b000 r--p 00015000 08:20 15714                      /usr/lib/x86_64-linux-gnu/libgcc_s.so.1
7f79e070b000-7f79e070c000 r--p 00018000 08:20 15714                      /usr/lib/x86_64-linux-gnu/libgcc_s.so.1
7f79e070c000-7f79e070d000 rw-p 00019000 08:20 15714                      /usr/lib/x86_64-linux-gnu/libgcc_s.so.1
7f79e070d000-7f79e071a000 r--p 00000000 08:20 37094                      /usr/lib/x86_64-linux-gnu/libm-2.31.so
7f79e071a000-7f79e07c1000 r-xp 0000d000 08:20 37094                      /usr/lib/x86_64-linux-gnu/libm-2.31.so
7f79e07c1000-7f79e085a000 r--p 000b4000 08:20 37094                      /usr/lib/x86_64-linux-gnu/libm-2.31.so
7f79e085a000-7f79e085b000 r--p 0014c000 08:20 37094                      /usr/lib/x86_64-linux-gnu/libm-2.31.so
7f79e085b000-7f79e085c000 rw-p 0014d000 08:20 37094                      /usr/lib/x86_64-linux-gnu/libm-2.31.so
7f79e085c000-7f79e08f2000 r--p 00000000 08:20 16268                      /usr/lib/x86_64-linux-gnu/libstdc++.so.6.0.28
7f79e08f2000-7f79e09e3000 r-xp 00096000 08:20 16268                      /usr/lib/x86_64-linux-gnu/libstdc++.so.6.0.28
7f79e09e3000-7f79e0a2c000 r--p 00187000 08:20 16268                      /usr/lib/x86_64-linux-gnu/libstdc++.so.6.0.28
7f79e0a2c000-7f79e0a2d000 ---p 001d0000 08:20 16268                      /usr/lib/x86_64-linux-gnu/libstdc++.so.6.0.28
7f79e0a2d000-7f79e0a38000 r--p 001d0000 08:20 16268                      /usr/lib/x86_64-linux-gnu/libstdc++.so.6.0.28
7f79e0a38000-7f79e0a3b000 rw-p 001db000 08:20 16268                      /usr/lib/x86_64-linux-gnu/libstdc++.so.6.0.28
7f79e0a3b000-7f79e0a3e000 rw-p 00000000 00:00 0 
7f79e0a3e000-7f79e0c8e000 r--p 00000000 08:20 255611                     /usr/lib/jvm/java-17-openjdk-amd64/lib/server/libjvm.so
7f79e0c8e000-7f79e1a1b000 r-xp 00250000 08:20 255611                     /usr/lib/jvm/java-17-openjdk-amd64/lib/server/libjvm.so
7f79e1a1b000-7f79e1ca1000 r--p 00fdd000 08:20 255611                     /usr/lib/jvm/java-17-openjdk-amd64/lib/server/libjvm.so
7f79e1ca1000-7f79e1d59000 r--p 01262000 08:20 255611                     /usr/lib/jvm/java-17-openjdk-amd64/lib/server/libjvm.so
7f79e1d59000-7f79e1d8e000 rw-p 0131a000 08:20 255611                     /usr/lib/jvm/java-17-openjdk-amd64/lib/server/libjvm.so
7f79e1d8e000-7f79e1de9000 rw-p 00000000 00:00 0 
7f79e1de9000-7f79e1def000 r--p 00000000 08:20 38546                      /usr/lib/x86_64-linux-gnu/libpthread-2.31.so
7f79e1def000-7f79e1e00000 r-xp 00006000 08:20 38546                      /usr/lib/x86_64-linux-gnu/libpthread-2.31.so
7f79e1e00000-7f79e1e06000 r--p 00017000 08:20 38546                      /usr/lib/x86_64-linux-gnu/libpthread-2.31.so
7f79e1e06000-7f79e1e07000 r--p 0001c000 08:20 38546                      /usr/lib/x86_64-linux-gnu/libpthread-2.31.so
7f79e1e07000-7f79e1e08000 rw-p 0001d000 08:20 38546                      /usr/lib/x86_64-linux-gnu/libpthread-2.31.so
7f79e1e08000-7f79e1e0c000 rw-p 00000000 00:00 0 
7f79e1e0c000-7f79e1e0d000 r--p 00000000 08:20 37093                      /usr/lib/x86_64-linux-gnu/libdl-2.31.so
7f79e1e0d000-7f79e1e0f000 r-xp 00001000 08:20 37093                      /usr/lib/x86_64-linux-gnu/libdl-2.31.so
7f79e1e0f000-7f79e1e10000 r--p 00003000 08:20 37093                      /usr/lib/x86_64-linux-gnu/libdl-2.31.so
7f79e1e10000-7f79e1e11000 r--p 00003000 08:20 37093                      /usr/lib/x86_64-linux-gnu/libdl-2.31.so
7f79e1e11000-7f79e1e12000 rw-p 00004000 08:20 37093                      /usr/lib/x86_64-linux-gnu/libdl-2.31.so
7f79e1e12000-7f79e1e14000 r--p 00000000 08:20 202269                     /usr/lib/x86_64-linux-gnu/libz.so.1.2.11
7f79e1e14000-7f79e1e25000 r-xp 00002000 08:20 202269                     /usr/lib/x86_64-linux-gnu/libz.so.1.2.11
7f79e1e25000-7f79e1e2b000 r--p 00013000 08:20 202269                     /usr/lib/x86_64-linux-gnu/libz.so.1.2.11
7f79e1e2b000-7f79e1e2c000 ---p 00019000 08:20 202269                     /usr/lib/x86_64-linux-gnu/libz.so.1.2.11
7f79e1e2c000-7f79e1e2d000 r--p 00019000 08:20 202269                     /usr/lib/x86_64-linux-gnu/libz.so.1.2.11
7f79e1e2d000-7f79e1e2e000 rw-p 0001a000 08:20 202269                     /usr/lib/x86_64-linux-gnu/libz.so.1.2.11
7f79e1e2e000-7f79e1e50000 r--p 00000000 08:20 37092                      /usr/lib/x86_64-linux-gnu/libc-2.31.so
7f79e1e50000-7f79e1fc8000 r-xp 00022000 08:20 37092                      /usr/lib/x86_64-linux-gnu/libc-2.31.so
7f79e1fc8000-7f79e2016000 r--p 0019a000 08:20 37092                      /usr/lib/x86_64-linux-gnu/libc-2.31.so
7f79e2016000-7f79e201a000 r--p 001e7000 08:20 37092                      /usr/lib/x86_64-linux-gnu/libc-2.31.so
7f79e201a000-7f79e201c000 rw-p 001eb000 08:20 37092                      /usr/lib/x86_64-linux-gnu/libc-2.31.so
7f79e201c000-7f79e2020000 rw-p 00000000 00:00 0 
7f79e2020000-7f79e2021000 r--p 00000000 08:20 20357                      /usr/lib/locale/C.UTF-8/LC_IDENTIFICATION
7f79e2021000-7f79e2023000 r--p 00000000 08:20 255586                     /usr/lib/jvm/java-17-openjdk-amd64/lib/libjimage.so
7f79e2023000-7f79e2026000 r-xp 00002000 08:20 255586                     /usr/lib/jvm/java-17-openjdk-amd64/lib/libjimage.so
7f79e2026000-7f79e2027000 r--p 00005000 08:20 255586                     /usr/lib/jvm/java-17-openjdk-amd64/lib/libjimage.so
7f79e2027000-7f79e2028000 ---p 00006000 08:20 255586                     /usr/lib/jvm/java-17-openjdk-amd64/lib/libjimage.so
7f79e2028000-7f79e2029000 r--p 00006000 08:20 255586                     /usr/lib/jvm/java-17-openjdk-amd64/lib/libjimage.so
7f79e2029000-7f79e202a000 rw-p 00007000 08:20 255586                     /usr/lib/jvm/java-17-openjdk-amd64/lib/libjimage.so
7f79e202a000-7f79e202c000 r--p 00000000 08:20 255587                     /usr/lib/jvm/java-17-openjdk-amd64/lib/libjli.so
7f79e202c000-7f79e2036000 r-xp 00002000 08:20 255587                     /usr/lib/jvm/java-17-openjdk-amd64/lib/libjli.so
7f79e2036000-7f79e2039000 r--p 0000c000 08:20 255587                     /usr/lib/jvm/java-17-openjdk-amd64/lib/libjli.so
7f79e2039000-7f79e203a000 ---p 0000f000 08:20 255587                     /usr/lib/jvm/java-17-openjdk-amd64/lib/libjli.so
7f79e203a000-7f79e203b000 r--p 0000f000 08:20 255587                     /usr/lib/jvm/java-17-openjdk-amd64/lib/libjli.so
7f79e203b000-7f79e203c000 rw-p 00010000 08:20 255587                     /usr/lib/jvm/java-17-openjdk-amd64/lib/libjli.so
7f79e203c000-7f79e203e000 rw-p 00000000 00:00 0 
7f79e203e000-7f79e203f000 r--p 00000000 08:20 21193                      /usr/lib/x86_64-linux-gnu/ld-2.31.so
7f79e203f000-7f79e2062000 r-xp 00001000 08:20 21193                      /usr/lib/x86_64-linux-gnu/ld-2.31.so
7f79e2062000-7f79e206a000 r--p 00024000 08:20 21193                      /usr/lib/x86_64-linux-gnu/ld-2.31.so
7f79e206a000-7f79e206b000 ---p 00000000 00:00 0 
7f79e206b000-7f79e206c000 r--p 0002c000 08:20 21193                      /usr/lib/x86_64-linux-gnu/ld-2.31.so
7f79e206c000-7f79e206d000 rw-p 0002d000 08:20 21193                      /usr/lib/x86_64-linux-gnu/ld-2.31.so
7f79e206d000-7f79e206e000 rw-p 00000000 00:00 0 
7ffc377a4000-7ffc377c6000 rw-p 00000000 00:00 0                          [stack]
7ffc377d5000-7ffc377d9000 r--p 00000000 00:00 0                          [vvar]
7ffc377d9000-7ffc377db000 r-xp 00000000 00:00 0                          [vdso]


VM Arguments:
java_command: /home/nathanshih04/.local/share/jupyter/kernels/java/ijava-1.3.0.jar /home/nathanshih04/.local/share/jupyter/runtime/kernel-v2-243yHx95hD0MuZ5.json
java_class_path (initial): /home/nathanshih04/.local/share/jupyter/kernels/java/ijava-1.3.0.jar
Launcher Type: SUN_STANDARD

[Global flags]
     intx CICompilerCount                          = 4                                         {product} {ergonomic}
     uint ConcGCThreads                            = 2                                         {product} {ergonomic}
     uint G1ConcRefinementThreads                  = 8                                         {product} {ergonomic}
   size_t G1HeapRegionSize                         = 1048576                                   {product} {ergonomic}
    uintx GCDrainStackTargetSize                   = 64                                        {product} {ergonomic}
   size_t InitialHeapSize                          = 130023424                                 {product} {ergonomic}
   size_t MarkStackSize                            = 4194304                                   {product} {ergonomic}
   size_t MaxHeapSize                              = 2053111808                                {product} {ergonomic}
   size_t MaxNewSize                               = 1231028224                                {product} {ergonomic}
   size_t MinHeapDeltaBytes                        = 1048576                                   {product} {ergonomic}
   size_t MinHeapSize                              = 8388608                                   {product} {ergonomic}
    uintx NonNMethodCodeHeapSize                   = 5839372                                {pd product} {ergonomic}
    uintx NonProfiledCodeHeapSize                  = 122909434                              {pd product} {ergonomic}
    uintx ProfiledCodeHeapSize                     = 122909434                              {pd product} {ergonomic}
    uintx ReservedCodeCacheSize                    = 251658240                              {pd product} {ergonomic}
     bool SegmentedCodeCache                       = true                                      {product} {ergonomic}
   size_t SoftMaxHeapSize                          = 2053111808                             {manageable} {ergonomic}
     bool UseCompressedClassPointers               = true                           {product lp64_product} {ergonomic}
     bool UseCompressedOops                        = true                           {product lp64_product} {ergonomic}
     bool UseG1GC                                  = true                                      {product} {ergonomic}

Logging:
Log output configuration:
 #0: stdout all=warning uptime,level,tags
 #1: stderr all=off uptime,level,tags

Environment Variables:
PATH=/home/nathanshih04/.vscode-server/bin/b7886d7461186a5eac768481578c1d7ca80e2d21/bin/remote-cli:/home/nathanshih04/.rvm/gems/ruby-2.7.7/bin:/home/nathanshih04/.rvm/gems/ruby-2.7.7@global/bin:/home/nathanshih04/.rvm/rubies/ruby-2.7.7/bin:/home/nathanshih04/.local/bin:/home/nathanshih04/gems/bin:/home/nathanshih04/anaconda3/bin:/home/nathanshih04/anaconda3/condabin:/usr/local/sbin:/usr/local/bin:/usr/sbin:/usr/bin:/sbin:/bin:/usr/games:/usr/local/games:/usr/lib/wsl/lib:/mnt/c/windows/system32:/mnt/c/windows:/mnt/c/windows/System32/Wbem:/mnt/c/windows/System32/WindowsPowerShell/v1.0:/mnt/c/windows/System32/OpenSSH:/mnt/c/Program Files/Git/cmd:/mnt/c/Users/Natha/AppData/Local/Microsoft/WindowsApps:/mnt/c/Users/Natha/AppData/Local/GitHubDesktop/bin:/mnt/c/Downloaded Apps/Coding Apps/Microsoft VS Code/bin:/snap/bin:/home/nathanshih04/.rvm/bin:/home/nathanshih04/.rvm/bin
SHELL=/bin/bash
DISPLAY=:0
HOSTTYPE=x86_64
LANG=C.UTF-8
TERM=xterm-256color

Signal Handlers:
   SIGSEGV: 0x00007f79e1999d60 in libjvm.so+16104800, mask=11100100010111111101111111111110, flags=SA_RESTART|SA_SIGINFO
    SIGBUS: 0x00007f79e1999d60 in libjvm.so+16104800, mask=11100100010111111101111111111110, flags=SA_RESTART|SA_SIGINFO
    SIGFPE: 0x00007f79e1999d60 in libjvm.so+16104800, mask=11100100010111111101111111111110, flags=SA_RESTART|SA_SIGINFO
   SIGPIPE: 0x00007f79e183bb30 in libjvm.so+14670640, mask=11100100010111111101111111111110, flags=SA_RESTART|SA_SIGINFO
   SIGXFSZ: 0x00007f79e183bb30 in libjvm.so+14670640, mask=11100100010111111101111111111110, flags=SA_RESTART|SA_SIGINFO
    SIGILL: 0x00007f79e1999d60 in libjvm.so+16104800, mask=11100100010111111101111111111110, flags=SA_RESTART|SA_SIGINFO
   SIGUSR2: 0x00007f79e183b1a0 in libjvm.so+14668192, mask=00000000000000000000000000000000, flags=SA_RESTART|SA_SIGINFO
    SIGHUP: 0x00007f79e183b0e0 in libjvm.so+14668000, mask=11100100010111111101111111111110, flags=SA_RESTART|SA_SIGINFO
    SIGINT: 0x00007f79e183b0e0 in libjvm.so+14668000, mask=11100100010111111101111111111110, flags=SA_RESTART|SA_SIGINFO
   SIGTERM: 0x00007f79e183b0e0 in libjvm.so+14668000, mask=11100100010111111101111111111110, flags=SA_RESTART|SA_SIGINFO
   SIGQUIT: 0x00007f79e183b0e0 in libjvm.so+14668000, mask=11100100010111111101111111111110, flags=SA_RESTART|SA_SIGINFO
  *** Handler was modified!
  *** Expected: 0x00007f79e183bb30 in libjvm.so+14670640, mask=11100100110111111111111111111110, flags=SA_RESTART|SA_SIGINFO
   SIGTRAP: 0x00007f79e1999d60 in libjvm.so+16104800, mask=11100100010111111101111111111110, flags=SA_RESTART|SA_SIGINFO


---------------  S Y S T E M  ---------------

OS:
DISTRIB_ID=Ubuntu
DISTRIB_RELEASE=20.04
DISTRIB_CODENAME=focal
DISTRIB_DESCRIPTION="Ubuntu 20.04.4 LTS"
uname: Linux 5.15.90.1-microsoft-standard-WSL2 #1 SMP Fri Jan 27 02:56:13 UTC 2023 x86_64
OS uptime: 0 days 0:00 hours
libc: glibc 2.31 NPTL 2.31 
rlimit (soft/hard): STACK 8192k/infinity , CORE 0k/infinity , NPROC 31286/31286 , NOFILE 1048576/1048576 , AS infinity/infinity , CPU infinity/infinity , DATA infinity/infinity , FSIZE infinity/infinity , MEMLOCK 65536k/65536k
load average: 0.86 0.21 0.07

/proc/meminfo:
MemTotal:        8015808 kB
MemFree:         6621820 kB
MemAvailable:    6908496 kB
Buffers:           52148 kB
Cached:           440796 kB
SwapCached:            0 kB
Active:           130592 kB
Inactive:         940348 kB
Active(anon):       3056 kB
Inactive(anon):   584316 kB
Active(file):     127536 kB
Inactive(file):   356032 kB
Unevictable:           0 kB
Mlocked:               0 kB
SwapTotal:       2097152 kB
SwapFree:        2097152 kB
Dirty:              3868 kB
Writeback:             0 kB
AnonPages:        578160 kB
Mapped:           163928 kB
Shmem:              9364 kB
KReclaimable:      37868 kB
Slab:              83628 kB
SReclaimable:      37868 kB
SUnreclaim:        45760 kB
KernelStack:        4704 kB
PageTables:        11672 kB
NFS_Unstable:          0 kB
Bounce:                0 kB
WritebackTmp:          0 kB
CommitLimit:     6105056 kB
Committed_AS:    1201424 kB
VmallocTotal:   34359738367 kB
VmallocUsed:       24928 kB
VmallocChunk:          0 kB
Percpu:             2176 kB
AnonHugePages:    124928 kB
ShmemHugePages:        0 kB
ShmemPmdMapped:        0 kB
FileHugePages:         0 kB
FilePmdMapped:         0 kB
HugePages_Total:       0
HugePages_Free:        0
HugePages_Rsvd:        0
HugePages_Surp:        0
Hugepagesize:       2048 kB
Hugetlb:               0 kB
DirectMap4k:       19456 kB
DirectMap2M:     3004416 kB
DirectMap1G:    14680064 kB

/sys/kernel/mm/transparent_hugepage/enabled: [always] madvise never
/sys/kernel/mm/transparent_hugepage/defrag (defrag/compaction efforts parameter): always defer defer+madvise [madvise] never

Process Memory:
Virtual Size: 5947420K (peak: 6004764K)
Resident Set Size: 172048K (peak: 179344K) (anon: 139616K, file: 32432K, shmem: 0K)
Swapped out: 0K
C-Heap outstanding allocations: 24170K, retained: 26737K
glibc malloc tunables: (default)

/proc/sys/kernel/threads-max (system-wide limit on the number of threads): 62572
/proc/sys/vm/max_map_count (maximum number of memory map areas a process may have): 65530
/proc/sys/kernel/pid_max (system-wide limit on number of process identifiers): 32768

container (cgroup) information:
container_type: cgroupv2
cpu_cpuset_cpus: not supported
cpu_memory_nodes: not supported
active_processor_count: 8
cpu_quota: not supported
cpu_period: not supported
cpu_shares: not supported
memory_limit_in_bytes: not supported
memory_and_swap_limit_in_bytes: not supported
memory_soft_limit_in_bytes: not supported
memory_usage_in_bytes: not supported
memory_max_usage_in_bytes: not supported
maximum number of tasks: not supported
current number of tasks: not supported

Hyper-V virtualization detected
Steal ticks since vm start: 0
Steal ticks percentage since vm start:  0.000

CPU: total 8 (initial active 8) (4 cores per cpu, 2 threads per core) family 6 model 140 stepping 1 microcode 0xffffffff, cx8, cmov, fxsr, ht, mmx, 3dnowpref, sse, sse2, sse3, ssse3, sse4.1, sse4.2, popcnt, lzcnt, tsc, tscinvbit, avx, avx2, aes, erms, clmul, bmi1, bmi2, adx, avx512f, avx512dq, avx512cd, avx512bw, avx512vl, sha, fma, vzeroupper, avx512_vpopcntdq, avx512_vpclmulqdq, avx512_vaes, avx512_vnni, clflush, clflushopt, clwb, avx512_vbmi2, avx512_vbmi, hv
CPU Model and flags from /proc/cpuinfo:
model name	: 11th Gen Intel(R) Core(TM) i7-1165G7 @ 2.80GHz
flags		: fpu vme de pse tsc msr pae mce cx8 apic sep mtrr pge mca cmov pat pse36 clflush mmx fxsr sse sse2 ss ht syscall nx pdpe1gb rdtscp lm constant_tsc arch_perfmon rep_good nopl xtopology tsc_reliable nonstop_tsc cpuid pni pclmulqdq ssse3 fma cx16 pdcm pcid sse4_1 sse4_2 movbe popcnt aes xsave avx f16c rdrand hypervisor lahf_lm abm 3dnowprefetch invpcid_single ssbd ibrs ibpb stibp ibrs_enhanced fsgsbase bmi1 avx2 smep bmi2 erms invpcid avx512f avx512dq rdseed adx smap avx512ifma clflushopt clwb avx512cd sha_ni avx512bw avx512vl xsaveopt xsavec xgetbv1 xsaves avx512vbmi umip avx512_vbmi2 gfni vaes vpclmulqdq avx512_vnni avx512_bitalg avx512_vpopcntdq rdpid fsrm avx512_vp2intersect flush_l1d arch_capabilities

Online cpus: 0-7
Offline cpus: 
BIOS frequency limitation: <Not Available>
Frequency switch latency (ns): <Not Available>
Available cpu frequencies: <Not Available>
Current governor: <Not Available>
Core performance/turbo boost: <Not Available>

Memory: 4k page, physical 8015808k(6621820k free), swap 2097152k(2097152k free)
Page Sizes: 4k

vm_info: OpenJDK 64-Bit Server VM (17.0.5+8-Ubuntu-2ubuntu120.04) for linux-amd64 JRE (17.0.5+8-Ubuntu-2ubuntu120.04), built on Oct 25 2022 13:05:40 by "buildd" with gcc 9.4.0

END.
